#-----------------------------------------------------------
# Vivado v2018.3 (64-bit)
# SW Build 2405991 on Thu Dec  6 23:38:27 MST 2018
# IP Build 2404404 on Fri Dec  7 01:43:56 MST 2018
# Start of session at: Wed Jun 17 20:25:19 2026
# Process ID: 16892
# Current directory: C:/Users/fmabrouk/Documents/YT/FIR_25KHz_SysGen/FIR25KHz_IP
# Command line: vivado.exe -mode batch -source ProjectGeneration.tcl -notrace
# Log file: C:/Users/fmabrouk/Documents/YT/FIR_25KHz_SysGen/FIR25KHz_IP/vivado.log
# Journal file: C:/Users/fmabrouk/Documents/YT/FIR_25KHz_SysGen/FIR25KHz_IP\vivado.jou
#-----------------------------------------------------------
source ProjectGeneration.tcl -notrace
WARNING: [Coretcl 2-176] No IPs found
INFO: [IP_Flow 19-234] Refreshing IP repositories
INFO: [IP_Flow 19-1704] No user IP repositories specified
INFO: [IP_Flow 19-2313] Loaded Vivado IP repository 'C:/Xilinx/Vivado/2018.3/data/ip'.
WARNING: [IP_Flow 19-4832] The IP name 'fir_sysgen_fir_compiler_v7_2_i0' you have specified is long. The Windows operating system has path length limitations. It is recommended you use shorter names to reduce the likelihood of issues.
WARNING: [Vivado 12-3523] Attempt to change 'Component_Name' from 'fir_sysgen_fir_compiler_v7_2_i0' to 'fir_sysgen_fir_compiler_v7_2_i0' is not allowed and is ignored.
IP Repository Located at : C:/Xilinx/Vivado/2018.3/data/ip
Scanning sources...
Finished scanning sources
INFO: [IP_Flow 19-234] Refreshing IP repositories
INFO: [IP_Flow 19-1704] No user IP repositories specified
INFO: [IP_Flow 19-2313] Loaded Vivado IP repository 'C:/Xilinx/Vivado/2018.3/data/ip'.
Adding File c:/Users/fmabrouk/Documents/YT/FIR_25KHz_SysGen/FIR25KHz_IP/ip_catalog/fir_sysgen.srcs/sources_1/ip/fir_sysgen_fir_compiler_v7_2_i0/fir_sysgen_fir_compiler_v7_2_i0.xci
Adding File C:/Users/fmabrouk/Documents/YT/FIR_25KHz_SysGen/FIR25KHz_IP/sysgen/fir_sysgen.xdc
Adding File C:/Users/fmabrouk/Documents/YT/FIR_25KHz_SysGen/FIR25KHz_IP/sysgen/fir_sysgen.htm
INFO: [IP_Flow 19-5107] Inferred bus interface 'data_out' of definition 'xilinx.com:interface:axis:1.0' (from TCL Argument).
INFO: [IP_Flow 19-5107] Inferred bus interface 'clk' of definition 'xilinx.com:signal:clock:1.0' (from TCL Argument).
INFO: [IP_Flow 19-4728] Bus Interface 'clk': Added interface parameter 'ASSOCIATED_BUSIF' with value 'data_out'.
WARNING: [IP_Flow 19-3480] slave: Portmap direction mismatched between component port 'data_tvalid_out' and definition port 'TVALID'.
INFO: [IP_Flow 19-2181] Payment Required is not set for this core.
INFO: [Ipptcl 7-1486] check_integrity: Integrity check passed.
INFO: [IP_Flow 19-234] Refreshing IP repositories
INFO: [IP_Flow 19-1700] Loaded user IP repository 'c:/Users/fmabrouk/Documents/YT/FIR_25KHz_SysGen/FIR25KHz_IP/ip'.
WARNING: [IP_Flow 19-3656] If you move the project, the path for repository 'c:/Users/fmabrouk/Documents/YT/FIR_25KHz_SysGen/FIR25KHz_IP/ip' may become invalid. A better location for the repository would be in a path adjacent to the project. (Current project location is 'c:/Users/fmabrouk/Documents/YT/FIR_25KHz_SysGen/FIR25KHz_IP/ip_catalog'.)
0
Wrote  : <C:\Users\fmabrouk\Documents\YT\FIR_25KHz_SysGen\FIR25KHz_IP\ip_catalog\fir_sysgen.srcs\sources_1\bd\fir_sysgen_bd\fir_sysgen_bd.bd> 
WARNING: [BD 41-927] Following properties on pin /fir_sysgen_1/clk have been updated from connected ip. They may not be synchronized with cell properties. You can set property on pin directly to confirm the value and resolve the warning.
	CLK_DOMAIN=fir_sysgen_bd_clk 
Wrote  : <C:\Users\fmabrouk\Documents\YT\FIR_25KHz_SysGen\FIR25KHz_IP\ip_catalog\fir_sysgen.srcs\sources_1\bd\fir_sysgen_bd\fir_sysgen_bd.bd> 
INFO: Setting More Options property of synthesis to -mode out_of_context.
INFO: To enable analysis of IP Catalog flow results the top module is set to fir_sysgen_stub.
INFO: SG_Analyzer -- Running synth_1 ...
INFO: [BD 41-1662] The design 'fir_sysgen_bd.bd' is already validated. Therefore parameter propagation will not be re-run.
VHDL Output written to : C:/Users/fmabrouk/Documents/YT/FIR_25KHz_SysGen/FIR25KHz_IP/ip_catalog/fir_sysgen.srcs/sources_1/bd/fir_sysgen_bd/synth/fir_sysgen_bd.vhd
VHDL Output written to : C:/Users/fmabrouk/Documents/YT/FIR_25KHz_SysGen/FIR25KHz_IP/ip_catalog/fir_sysgen.srcs/sources_1/bd/fir_sysgen_bd/sim/fir_sysgen_bd.vhd
VHDL Output written to : C:/Users/fmabrouk/Documents/YT/FIR_25KHz_SysGen/FIR25KHz_IP/ip_catalog/fir_sysgen.srcs/sources_1/bd/fir_sysgen_bd/hdl/fir_sysgen_bd_wrapper.vhd
INFO: [BD 41-1029] Generation completed for the IP Integrator block fir_sysgen_1 .
Exporting to file C:/Users/fmabrouk/Documents/YT/FIR_25KHz_SysGen/FIR25KHz_IP/ip_catalog/fir_sysgen.srcs/sources_1/bd/fir_sysgen_bd/hw_handoff/fir_sysgen_bd.hwh
Generated Block Design Tcl file C:/Users/fmabrouk/Documents/YT/FIR_25KHz_SysGen/FIR25KHz_IP/ip_catalog/fir_sysgen.srcs/sources_1/bd/fir_sysgen_bd/hw_handoff/fir_sysgen_bd_bd.tcl
Generated Hardware Definition File C:/Users/fmabrouk/Documents/YT/FIR_25KHz_SysGen/FIR25KHz_IP/ip_catalog/fir_sysgen.srcs/sources_1/bd/fir_sysgen_bd/synth/fir_sysgen_bd.hwdef
[Wed Jun 17 20:25:40 2026] Launched fir_sysgen_bd_fir_sysgen_1_0_synth_1...
Run output will be captured here: C:/Users/fmabrouk/Documents/YT/FIR_25KHz_SysGen/FIR25KHz_IP/ip_catalog/fir_sysgen.runs/fir_sysgen_bd_fir_sysgen_1_0_synth_1/runme.log
[Wed Jun 17 20:25:40 2026] Launched synth_1...
Run output will be captured here: C:/Users/fmabrouk/Documents/YT/FIR_25KHz_SysGen/FIR25KHz_IP/ip_catalog/fir_sysgen.runs/synth_1/runme.log
[Wed Jun 17 20:25:40 2026] Waiting for synth_1 to finish...

*** Running vivado
    with args -log fir_sysgen_bd_wrapper.vds -m64 -product Vivado -mode batch -messageDb vivado.pb -notrace -source fir_sysgen_bd_wrapper.tcl


****** Vivado v2018.3 (64-bit)
  **** SW Build 2405991 on Thu Dec  6 23:38:27 MST 2018
  **** IP Build 2404404 on Fri Dec  7 01:43:56 MST 2018
    ** Copyright 1986-2018 Xilinx, Inc. All Rights Reserved.

source fir_sysgen_bd_wrapper.tcl -notrace
INFO: [IP_Flow 19-234] Refreshing IP repositories
INFO: [IP_Flow 19-1700] Loaded user IP repository 'c:/Users/fmabrouk/Documents/YT/FIR_25KHz_SysGen/FIR25KHz_IP/ip'.
WARNING: [IP_Flow 19-3656] If you move the project, the path for repository 'c:/Users/fmabrouk/Documents/YT/FIR_25KHz_SysGen/FIR25KHz_IP/ip' may become invalid. A better location for the repository would be in a path adjacent to the project. (Current project location is 'c:/Users/fmabrouk/Documents/YT/FIR_25KHz_SysGen/FIR25KHz_IP/ip_catalog/fir_sysgen.runs/synth_1'.)
INFO: [IP_Flow 19-2313] Loaded Vivado IP repository 'C:/Xilinx/Vivado/2018.3/data/ip'.
WARNING: [IP_Flow 19-4995] The host OS only allows 260 characters in a normal path. The IP cache path is more than 80 characters. If you experience issues with IP caching, please consider changing the IP cache to a location with a shorter path. Alternately consider using the OS subst command to map part of the path to a drive letter. 
Current IP cache path is c:/Users/fmabrouk/Documents/YT/FIR_25KHz_SysGen/FIR25KHz_IP/ip_catalog/fir_sysgen.cache/ip 
Command: synth_design -top fir_sysgen_bd_wrapper -part xc7s50csga324-2 -mode out_of_context
Starting synth_design
Attempting to get a license for feature 'Synthesis' and/or device 'xc7s50'
INFO: [Common 17-349] Got license for feature 'Synthesis' and/or device 'xc7s50'
INFO: Launching helper process for spawning children vivado processes
INFO: Helper process launched with PID 13984 
---------------------------------------------------------------------------------
Starting RTL Elaboration : Time (s): cpu = 00:00:02 ; elapsed = 00:00:03 . Memory (MB): peak = 432.016 ; gain = 102.473
---------------------------------------------------------------------------------
INFO: [Synth 8-638] synthesizing module 'fir_sysgen_bd_wrapper' [C:/Users/fmabrouk/Documents/YT/FIR_25KHz_SysGen/FIR25KHz_IP/ip_catalog/fir_sysgen.srcs/sources_1/imports/hdl/fir_sysgen_bd_wrapper.vhd:25]
INFO: [Synth 8-3491] module 'fir_sysgen_bd' declared at 'C:/Users/fmabrouk/Documents/YT/FIR_25KHz_SysGen/FIR25KHz_IP/ip_catalog/fir_sysgen.srcs/sources_1/bd/fir_sysgen_bd/synth/fir_sysgen_bd.vhd:14' bound to instance 'fir_sysgen_bd_i' of component 'fir_sysgen_bd' [C:/Users/fmabrouk/Documents/YT/FIR_25KHz_SysGen/FIR25KHz_IP/ip_catalog/fir_sysgen.srcs/sources_1/imports/hdl/fir_sysgen_bd_wrapper.vhd:37]
INFO: [Synth 8-638] synthesizing module 'fir_sysgen_bd' [C:/Users/fmabrouk/Documents/YT/FIR_25KHz_SysGen/FIR25KHz_IP/ip_catalog/fir_sysgen.srcs/sources_1/bd/fir_sysgen_bd/synth/fir_sysgen_bd.vhd:29]
INFO: [Synth 8-3491] module 'fir_sysgen_bd_fir_sysgen_1_0' declared at 'C:/Users/fmabrouk/Documents/YT/FIR_25KHz_SysGen/FIR25KHz_IP/ip_catalog/fir_sysgen.runs/synth_1/.Xil/Vivado-17256-lvanoffice-208/realtime/fir_sysgen_bd_fir_sysgen_1_0_stub.vhdl:5' bound to instance 'fir_sysgen_1' of component 'fir_sysgen_bd_fir_sysgen_1_0' [C:/Users/fmabrouk/Documents/YT/FIR_25KHz_SysGen/FIR25KHz_IP/ip_catalog/fir_sysgen.srcs/sources_1/bd/fir_sysgen_bd/synth/fir_sysgen_bd.vhd:66]
INFO: [Synth 8-638] synthesizing module 'fir_sysgen_bd_fir_sysgen_1_0' [C:/Users/fmabrouk/Documents/YT/FIR_25KHz_SysGen/FIR25KHz_IP/ip_catalog/fir_sysgen.runs/synth_1/.Xil/Vivado-17256-lvanoffice-208/realtime/fir_sysgen_bd_fir_sysgen_1_0_stub.vhdl:17]
INFO: [Synth 8-256] done synthesizing module 'fir_sysgen_bd' (1#1) [C:/Users/fmabrouk/Documents/YT/FIR_25KHz_SysGen/FIR25KHz_IP/ip_catalog/fir_sysgen.srcs/sources_1/bd/fir_sysgen_bd/synth/fir_sysgen_bd.vhd:29]
INFO: [Synth 8-256] done synthesizing module 'fir_sysgen_bd_wrapper' (2#1) [C:/Users/fmabrouk/Documents/YT/FIR_25KHz_SysGen/FIR25KHz_IP/ip_catalog/fir_sysgen.srcs/sources_1/imports/hdl/fir_sysgen_bd_wrapper.vhd:25]
---------------------------------------------------------------------------------
Finished RTL Elaboration : Time (s): cpu = 00:00:03 ; elapsed = 00:00:03 . Memory (MB): peak = 487.371 ; gain = 157.828
---------------------------------------------------------------------------------

Report Check Netlist: 
+------+------------------+-------+---------+-------+------------------+
|      |Item              |Errors |Warnings |Status |Description       |
+------+------------------+-------+---------+-------+------------------+
|1     |multi_driven_nets |      0|        0|Passed |Multi driven nets |
+------+------------------+-------+---------+-------+------------------+
---------------------------------------------------------------------------------
Start Handling Custom Attributes
---------------------------------------------------------------------------------
---------------------------------------------------------------------------------
Finished Handling Custom Attributes : Time (s): cpu = 00:00:03 ; elapsed = 00:00:04 . Memory (MB): peak = 487.371 ; gain = 157.828
---------------------------------------------------------------------------------
---------------------------------------------------------------------------------
Finished RTL Optimization Phase 1 : Time (s): cpu = 00:00:03 ; elapsed = 00:00:04 . Memory (MB): peak = 487.371 ; gain = 157.828
---------------------------------------------------------------------------------
INFO: [Device 21-403] Loading part xc7s50csga324-2
INFO: [Project 1-570] Preparing netlist for logic optimization

Processing XDC Constraints
Initializing timing engine
Parsing XDC File [c:/Users/fmabrouk/Documents/YT/FIR_25KHz_SysGen/FIR25KHz_IP/ip_catalog/fir_sysgen.srcs/sources_1/bd/fir_sysgen_bd/ip/fir_sysgen_bd_fir_sysgen_1_0/fir_sysgen_bd_fir_sysgen_1_0/fir_sysgen_bd_fir_sysgen_1_0_in_context.xdc] for cell 'fir_sysgen_bd_i/fir_sysgen_1'
Finished Parsing XDC File [c:/Users/fmabrouk/Documents/YT/FIR_25KHz_SysGen/FIR25KHz_IP/ip_catalog/fir_sysgen.srcs/sources_1/bd/fir_sysgen_bd/ip/fir_sysgen_bd_fir_sysgen_1_0/fir_sysgen_bd_fir_sysgen_1_0/fir_sysgen_bd_fir_sysgen_1_0_in_context.xdc] for cell 'fir_sysgen_bd_i/fir_sysgen_1'
Parsing XDC File [C:/Users/fmabrouk/Documents/YT/FIR_25KHz_SysGen/FIR25KHz_IP/ip_catalog/fir_sysgen.srcs/constrs_1/imports/sysgen/fir_sysgen_clock.xdc]
Finished Parsing XDC File [C:/Users/fmabrouk/Documents/YT/FIR_25KHz_SysGen/FIR25KHz_IP/ip_catalog/fir_sysgen.srcs/constrs_1/imports/sysgen/fir_sysgen_clock.xdc]
Parsing XDC File [C:/Users/fmabrouk/Documents/YT/FIR_25KHz_SysGen/FIR25KHz_IP/ip_catalog/fir_sysgen.srcs/constrs_1/imports/sysgen/fir_sysgen.xdc]
WARNING: [Vivado 12-508] No pins matched 'fir_sysgen_default_clock_driver/clockdriver/pipelined_ce.ce_pipeline[1].ce_reg/latency_gt_0.fd_array[1].reg_comp/fd_prim_array[0].bit_is_0.fdre_comp/Q'. [C:/Users/fmabrouk/Documents/YT/FIR_25KHz_SysGen/FIR25KHz_IP/ip_catalog/fir_sysgen.srcs/constrs_1/imports/sysgen/fir_sysgen.xdc:2]
WARNING: [Vivado 12-830] No fanout objects found for 'all_fanout -flat -endpoints [get_pins {fir_sysgen_default_clock_driver/clockdriver/pipelined_ce.ce_pipeline[1].ce_reg/latency_gt_0.fd_array[1].reg_comp/fd_prim_array[0].bit_is_0.fdre_comp/Q}]'. [C:/Users/fmabrouk/Documents/YT/FIR_25KHz_SysGen/FIR25KHz_IP/ip_catalog/fir_sysgen.srcs/constrs_1/imports/sysgen/fir_sysgen.xdc:2]
WARNING: [Vivado 12-180] No cells matched 'get_cells -of [filter [all_fanout -flat -endpoints [get_pins {fir_sysgen_default_clock_driver/clockdriver/pipelined_ce.ce_pipeline[1].ce_reg/latency_gt_0.fd_array[1].reg_comp/fd_prim_array[0].bit_is_0.fdre_comp/Q}]] IS_ENABLE]'. [C:/Users/fmabrouk/Documents/YT/FIR_25KHz_SysGen/FIR25KHz_IP/ip_catalog/fir_sysgen.srcs/constrs_1/imports/sysgen/fir_sysgen.xdc:2]
WARNING: [Designutils 20-1567] Use of 'set_multicycle_path' with '-hold' is not supported by synthesis. The constraint will not be passed to synthesis. [C:/Users/fmabrouk/Documents/YT/FIR_25KHz_SysGen/FIR25KHz_IP/ip_catalog/fir_sysgen.srcs/constrs_1/imports/sysgen/fir_sysgen.xdc:4]
Finished Parsing XDC File [C:/Users/fmabrouk/Documents/YT/FIR_25KHz_SysGen/FIR25KHz_IP/ip_catalog/fir_sysgen.srcs/constrs_1/imports/sysgen/fir_sysgen.xdc]
WARNING: [Project 1-498] One or more constraints failed evaluation while reading constraint file [C:/Users/fmabrouk/Documents/YT/FIR_25KHz_SysGen/FIR25KHz_IP/ip_catalog/fir_sysgen.srcs/constrs_1/imports/sysgen/fir_sysgen.xdc] and the design contains unresolved black boxes. These constraints will be read post-synthesis (as long as their source constraint file is marked as used_in_implementation) and should be applied correctly then. You should review the constraints listed in the file [.Xil/fir_sysgen_bd_wrapper_propImpl.xdc] and check the run log file to verify that these constraints were correctly applied.
INFO: [Project 1-236] Implementation specific constraints were found while reading constraint file [C:/Users/fmabrouk/Documents/YT/FIR_25KHz_SysGen/FIR25KHz_IP/ip_catalog/fir_sysgen.srcs/constrs_1/imports/sysgen/fir_sysgen.xdc]. These constraints will be ignored for synthesis but will be used in implementation. Impacted constraints are listed in the file [.Xil/fir_sysgen_bd_wrapper_propImpl.xdc].
Resolution: To avoid this warning, move constraints listed in [.Xil/fir_sysgen_bd_wrapper_propImpl.xdc] to another XDC file and exclude this new file from synthesis with the used_in_synthesis property (File Properties dialog in GUI) and re-run elaboration/synthesis.
Parsing XDC File [C:/Users/fmabrouk/Documents/YT/FIR_25KHz_SysGen/FIR25KHz_IP/ip_catalog/fir_sysgen.runs/synth_1/dont_touch.xdc]
Finished Parsing XDC File [C:/Users/fmabrouk/Documents/YT/FIR_25KHz_SysGen/FIR25KHz_IP/ip_catalog/fir_sysgen.runs/synth_1/dont_touch.xdc]
Netlist sorting complete. Time (s): cpu = 00:00:00 ; elapsed = 00:00:00 . Memory (MB): peak = 728.492 ; gain = 0.000
Completed Processing XDC Constraints

Netlist sorting complete. Time (s): cpu = 00:00:00 ; elapsed = 00:00:00 . Memory (MB): peak = 728.492 ; gain = 0.000
INFO: [Project 1-111] Unisim Transformation Summary:
No Unisim elements were transformed.

Netlist sorting complete. Time (s): cpu = 00:00:00 ; elapsed = 00:00:00 . Memory (MB): peak = 728.492 ; gain = 0.000
Constraint Validation Runtime : Time (s): cpu = 00:00:00 ; elapsed = 00:00:00.018 . Memory (MB): peak = 728.492 ; gain = 0.000
---------------------------------------------------------------------------------
Finished Constraint Validation : Time (s): cpu = 00:00:10 ; elapsed = 00:00:13 . Memory (MB): peak = 728.492 ; gain = 398.949
---------------------------------------------------------------------------------
---------------------------------------------------------------------------------
Start Loading Part and Timing Information
---------------------------------------------------------------------------------
Loading part: xc7s50csga324-2
---------------------------------------------------------------------------------
Finished Loading Part and Timing Information : Time (s): cpu = 00:00:10 ; elapsed = 00:00:13 . Memory (MB): peak = 728.492 ; gain = 398.949
---------------------------------------------------------------------------------
---------------------------------------------------------------------------------
Start Applying 'set_property' XDC Constraints
---------------------------------------------------------------------------------
Applied set_property DONT_TOUCH = true for fir_sysgen_bd_i. (constraint file  auto generated constraint, line ).
Applied set_property DONT_TOUCH = true for fir_sysgen_bd_i/fir_sysgen_1. (constraint file  auto generated constraint, line ).
---------------------------------------------------------------------------------
Finished applying 'set_property' XDC Constraints : Time (s): cpu = 00:00:10 ; elapsed = 00:00:13 . Memory (MB): peak = 728.492 ; gain = 398.949
---------------------------------------------------------------------------------
---------------------------------------------------------------------------------
Finished RTL Optimization Phase 2 : Time (s): cpu = 00:00:11 ; elapsed = 00:00:13 . Memory (MB): peak = 728.492 ; gain = 398.949
---------------------------------------------------------------------------------

Report RTL Partitions: 
+-+--------------+------------+----------+
| |RTL Partition |Replication |Instances |
+-+--------------+------------+----------+
+-+--------------+------------+----------+
---------------------------------------------------------------------------------
Start RTL Component Statistics 
---------------------------------------------------------------------------------
Detailed RTL Component Info : 
---------------------------------------------------------------------------------
Finished RTL Component Statistics 
---------------------------------------------------------------------------------
---------------------------------------------------------------------------------
Start RTL Hierarchical Component Statistics 
---------------------------------------------------------------------------------
Hierarchical RTL Component report 
---------------------------------------------------------------------------------
Finished RTL Hierarchical Component Statistics
---------------------------------------------------------------------------------
---------------------------------------------------------------------------------
Start Part Resource Summary
---------------------------------------------------------------------------------
Part Resources:
DSPs: 120 (col length:60)
BRAMs: 150 (col length: RAMB18 60 RAMB36 30)
---------------------------------------------------------------------------------
Finished Part Resource Summary
---------------------------------------------------------------------------------
---------------------------------------------------------------------------------
Start Cross Boundary and Area Optimization
---------------------------------------------------------------------------------
Warning: Parallel synthesis criteria is not met 
---------------------------------------------------------------------------------
Finished Cross Boundary and Area Optimization : Time (s): cpu = 00:00:11 ; elapsed = 00:00:13 . Memory (MB): peak = 728.492 ; gain = 398.949
---------------------------------------------------------------------------------

Report RTL Partitions: 
+-+--------------+------------+----------+
| |RTL Partition |Replication |Instances |
+-+--------------+------------+----------+
+-+--------------+------------+----------+
---------------------------------------------------------------------------------
Start Applying XDC Timing Constraints
---------------------------------------------------------------------------------
---------------------------------------------------------------------------------
Finished Applying XDC Timing Constraints : Time (s): cpu = 00:00:19 ; elapsed = 00:00:21 . Memory (MB): peak = 785.645 ; gain = 456.102
---------------------------------------------------------------------------------
---------------------------------------------------------------------------------
Start Timing Optimization
---------------------------------------------------------------------------------
---------------------------------------------------------------------------------
Finished Timing Optimization : Time (s): cpu = 00:00:19 ; elapsed = 00:00:21 . Memory (MB): peak = 785.645 ; gain = 456.102
---------------------------------------------------------------------------------

Report RTL Partitions: 
+-+--------------+------------+----------+
| |RTL Partition |Replication |Instances |
+-+--------------+------------+----------+
+-+--------------+------------+----------+
---------------------------------------------------------------------------------
Start Technology Mapping
---------------------------------------------------------------------------------
---------------------------------------------------------------------------------
Finished Technology Mapping : Time (s): cpu = 00:00:19 ; elapsed = 00:00:21 . Memory (MB): peak = 795.227 ; gain = 465.684
---------------------------------------------------------------------------------

Report RTL Partitions: 
+-+--------------+------------+----------+
| |RTL Partition |Replication |Instances |
+-+--------------+------------+----------+
+-+--------------+------------+----------+
---------------------------------------------------------------------------------
Start IO Insertion
---------------------------------------------------------------------------------
---------------------------------------------------------------------------------
Start Flattening Before IO Insertion
---------------------------------------------------------------------------------
---------------------------------------------------------------------------------
Finished Flattening Before IO Insertion
---------------------------------------------------------------------------------
---------------------------------------------------------------------------------
Start Final Netlist Cleanup
---------------------------------------------------------------------------------
---------------------------------------------------------------------------------
Finished Final Netlist Cleanup
---------------------------------------------------------------------------------
---------------------------------------------------------------------------------
Finished IO Insertion : Time (s): cpu = 00:00:20 ; elapsed = 00:00:22 . Memory (MB): peak = 795.227 ; gain = 465.684
---------------------------------------------------------------------------------

Report Check Netlist: 
+------+------------------+-------+---------+-------+------------------+
|      |Item              |Errors |Warnings |Status |Description       |
+------+------------------+-------+---------+-------+------------------+
|1     |multi_driven_nets |      0|        0|Passed |Multi driven nets |
+------+------------------+-------+---------+-------+------------------+
---------------------------------------------------------------------------------
Start Renaming Generated Instances
---------------------------------------------------------------------------------
---------------------------------------------------------------------------------
Finished Renaming Generated Instances : Time (s): cpu = 00:00:20 ; elapsed = 00:00:22 . Memory (MB): peak = 795.227 ; gain = 465.684
---------------------------------------------------------------------------------

Report RTL Partitions: 
+-+--------------+------------+----------+
| |RTL Partition |Replication |Instances |
+-+--------------+------------+----------+
+-+--------------+------------+----------+
---------------------------------------------------------------------------------
Start Rebuilding User Hierarchy
---------------------------------------------------------------------------------
---------------------------------------------------------------------------------
Finished Rebuilding User Hierarchy : Time (s): cpu = 00:00:20 ; elapsed = 00:00:22 . Memory (MB): peak = 795.227 ; gain = 465.684
---------------------------------------------------------------------------------
---------------------------------------------------------------------------------
Start Renaming Generated Ports
---------------------------------------------------------------------------------
---------------------------------------------------------------------------------
Finished Renaming Generated Ports : Time (s): cpu = 00:00:20 ; elapsed = 00:00:22 . Memory (MB): peak = 795.227 ; gain = 465.684
---------------------------------------------------------------------------------
---------------------------------------------------------------------------------
Start Handling Custom Attributes
---------------------------------------------------------------------------------
---------------------------------------------------------------------------------
Finished Handling Custom Attributes : Time (s): cpu = 00:00:20 ; elapsed = 00:00:22 . Memory (MB): peak = 795.227 ; gain = 465.684
---------------------------------------------------------------------------------
---------------------------------------------------------------------------------
Start Renaming Generated Nets
---------------------------------------------------------------------------------
---------------------------------------------------------------------------------
Finished Renaming Generated Nets : Time (s): cpu = 00:00:20 ; elapsed = 00:00:22 . Memory (MB): peak = 795.227 ; gain = 465.684
---------------------------------------------------------------------------------
---------------------------------------------------------------------------------
Start Writing Synthesis Report
---------------------------------------------------------------------------------

Report BlackBoxes: 
+------+-----------------------------+----------+
|      |BlackBox name                |Instances |
+------+-----------------------------+----------+
|1     |fir_sysgen_bd_fir_sysgen_1_0 |         1|
+------+-----------------------------+----------+

Report Cell Usage: 
+------+------------------------------------+------+
|      |Cell                                |Count |
+------+------------------------------------+------+
|1     |fir_sysgen_bd_fir_sysgen_1_0_bbox_0 |     1|
+------+------------------------------------+------+

Report Instance Areas: 
+------+------------------+--------------+------+
|      |Instance          |Module        |Cells |
+------+------------------+--------------+------+
|1     |top               |              |    32|
|2     |  fir_sysgen_bd_i |fir_sysgen_bd |    32|
+------+------------------+--------------+------+
---------------------------------------------------------------------------------
Finished Writing Synthesis Report : Time (s): cpu = 00:00:20 ; elapsed = 00:00:22 . Memory (MB): peak = 795.227 ; gain = 465.684
---------------------------------------------------------------------------------
Synthesis finished with 0 errors, 0 critical warnings and 0 warnings.
Synthesis Optimization Runtime : Time (s): cpu = 00:00:12 ; elapsed = 00:00:16 . Memory (MB): peak = 795.227 ; gain = 224.562
Synthesis Optimization Complete : Time (s): cpu = 00:00:20 ; elapsed = 00:00:22 . Memory (MB): peak = 795.227 ; gain = 465.684
INFO: [Project 1-571] Translating synthesized netlist
INFO: [Project 1-570] Preparing netlist for logic optimization
INFO: [Opt 31-138] Pushed 0 inverter(s) to 0 load pin(s).
Netlist sorting complete. Time (s): cpu = 00:00:00 ; elapsed = 00:00:00 . Memory (MB): peak = 806.590 ; gain = 0.000
INFO: [Project 1-111] Unisim Transformation Summary:
No Unisim elements were transformed.

INFO: [Common 17-83] Releasing license: Synthesis
20 Infos, 7 Warnings, 0 Critical Warnings and 0 Errors encountered.
synth_design completed successfully
synth_design: Time (s): cpu = 00:00:22 ; elapsed = 00:00:25 . Memory (MB): peak = 806.590 ; gain = 488.758
Netlist sorting complete. Time (s): cpu = 00:00:00 ; elapsed = 00:00:00 . Memory (MB): peak = 806.590 ; gain = 0.000
WARNING: [Constraints 18-5210] No constraints selected for write.
Resolution: This message can indicate that there are no constraints for the design, or it can indicate that the used_in flags are set such that the constraints are ignored. This later case is used when running synth_design to not write synthesis constraints to the resulting checkpoint. Instead, project constraints are read when the synthesized design is opened.
INFO: [Common 17-1381] The checkpoint 'C:/Users/fmabrouk/Documents/YT/FIR_25KHz_SysGen/FIR25KHz_IP/ip_catalog/fir_sysgen.runs/synth_1/fir_sysgen_bd_wrapper.dcp' has been generated.
INFO: [runtcl-4] Executing : report_utilization -file fir_sysgen_bd_wrapper_utilization_synth.rpt -pb fir_sysgen_bd_wrapper_utilization_synth.pb
INFO: [Common 17-206] Exiting Vivado at Wed Jun 17 20:28:31 2026...
[Wed Jun 17 20:28:36 2026] synth_1 finished
wait_on_run: Time (s): cpu = 00:00:00 ; elapsed = 00:02:56 . Memory (MB): peak = 512.289 ; gain = 0.000
INFO: SG_Analyzer -- Timing paths data will be collected from the post-synthesis design ...
INFO: [Timing 38-35] Done setting XDC timing constraints.
WARNING: [Timing 38-242] The property HD.CLK_SRC of clock port "clk" is not set. In out-of-context mode, this prevents timing estimation for clock delay/skew
Resolution: Set the HD.CLK_SRC property of the out-of-context port to the location of the clock buffer instance in the top-level design
WARNING: [Common 17-673] Cannot get value of property 'ULTRA_RAMS' because this property is not valid in conjunction with other property setting on this object.
INFO: Setting More Options property of synthesis to empty string.
INFO: For IP Catalog flow the top module is reverted back to fir_sysgen_bd_wrapper after collecting results for analysis.
INFO: SG_Analyzer -- Collected Vivado timing paths and resource utilization information ...
INFO: [Common 17-206] Exiting Vivado at Wed Jun 17 20:29:57 2026...
