Copyright 1986-2018 Xilinx, Inc. All Rights Reserved.
----------------------------------------------------------------------------------------------------------------------------------------------------------
| Tool Version     : Vivado v.2018.3 (win64) Build 2405991 Thu Dec  6 23:38:27 MST 2018
| Date             : Sat Jun 20 18:01:43 2026
| Host             : lvanoffice-208 running 64-bit major release  (build 9200)
| Command          : report_power -file FIR_TopLevel_power_routed.rpt -pb FIR_TopLevel_power_summary_routed.pb -rpx FIR_TopLevel_power_routed.rpx
| Design           : FIR_TopLevel
| Device           : xc7s50csga324-2
| Design State     : routed
| Grade            : commercial
| Process          : typical
| Characterization : Production
----------------------------------------------------------------------------------------------------------------------------------------------------------

Power Report

Table of Contents
-----------------
1. Summary
1.1 On-Chip Components
1.2 Power Supply Summary
1.3 Confidence Level
2. Settings
2.1 Environment
2.2 Clock Constraints
3. Detailed Reports
3.1 By Hierarchy

1. Summary
----------

+--------------------------+--------------+
| Total On-Chip Power (W)  | 0.480        |
| Design Power Budget (W)  | Unspecified* |
| Power Budget Margin (W)  | NA           |
| Dynamic (W)              | 0.405        |
| Device Static (W)        | 0.075        |
| Effective TJA (C/W)      | 4.9          |
| Max Ambient (C)          | 82.6         |
| Junction Temperature (C) | 27.4         |
| Confidence Level         | Medium       |
| Setting File             | ---          |
| Simulation Activity File | ---          |
| Design Nets Matched      | NA           |
+--------------------------+--------------+
* Specify Design Power Budget using, set_operating_conditions -design_power_budget <value in Watts>


1.1 On-Chip Components
----------------------

+--------------------------+-----------+----------+-----------+-----------------+
| On-Chip                  | Power (W) | Used     | Available | Utilization (%) |
+--------------------------+-----------+----------+-----------+-----------------+
| Clocks                   |     0.050 |       11 |       --- |             --- |
| Slice Logic              |     0.014 |     9124 |       --- |             --- |
|   LUT as Shift Register  |     0.010 |     1586 |      9600 |           16.52 |
|   LUT as Logic           |     0.002 |     1403 |     32600 |            4.30 |
|   Register               |     0.002 |     4456 |     65200 |            6.83 |
|   CARRY4                 |    <0.001 |       65 |      8150 |            0.80 |
|   LUT as Distributed RAM |    <0.001 |       24 |      9600 |            0.25 |
|   F7/F8 Muxes            |    <0.001 |       57 |     32600 |            0.17 |
|   Others                 |     0.000 |      870 |       --- |             --- |
| Signals                  |     0.040 |     9678 |       --- |             --- |
| Block RAM                |     0.011 |     42.5 |        75 |           56.67 |
| PLL                      |     0.103 |        1 |         5 |           20.00 |
| DSPs                     |     0.183 |       84 |       120 |           70.00 |
| I/O                      |     0.003 |       17 |       210 |            8.10 |
| Static Power             |     0.075 |          |           |                 |
| Total                    |     0.480 |          |           |                 |
+--------------------------+-----------+----------+-----------+-----------------+


1.2 Power Supply Summary
------------------------

+-----------+-------------+-----------+-------------+------------+
| Source    | Voltage (V) | Total (A) | Dynamic (A) | Static (A) |
+-----------+-------------+-----------+-------------+------------+
| Vccint    |       1.000 |     0.317 |       0.305 |      0.011 |
| Vccaux    |       1.800 |     0.066 |       0.054 |      0.013 |
| Vcco33    |       3.300 |     0.002 |       0.001 |      0.001 |
| Vcco25    |       2.500 |     0.000 |       0.000 |      0.000 |
| Vcco18    |       1.800 |     0.000 |       0.000 |      0.000 |
| Vcco15    |       1.500 |     0.000 |       0.000 |      0.000 |
| Vcco135   |       1.350 |     0.000 |       0.000 |      0.000 |
| Vcco12    |       1.200 |     0.000 |       0.000 |      0.000 |
| Vccaux_io |       1.800 |     0.000 |       0.000 |      0.000 |
| Vccbram   |       1.000 |     0.002 |       0.001 |      0.001 |
| Vccadc    |       1.800 |     0.020 |       0.000 |      0.020 |
+-----------+-------------+-----------+-------------+------------+


1.3 Confidence Level
--------------------

+-----------------------------+------------+-------------------------------------------------------+------------------------------------------------------------------------------------------------------------+
| User Input Data             | Confidence | Details                                               | Action                                                                                                     |
+-----------------------------+------------+-------------------------------------------------------+------------------------------------------------------------------------------------------------------------+
| Design implementation state | High       | Design is routed                                      |                                                                                                            |
| Clock nodes activity        | High       | User specified more than 95% of clocks                |                                                                                                            |
| I/O nodes activity          | Medium     | More than 5% of inputs are missing user specification | Provide missing input activity with simulation results or by editing the "By Resource Type -> I/Os" view   |
| Internal nodes activity     | Medium     | User specified less than 25% of internal nodes        | Provide missing internal nodes activity with simulation results or by editing the "By Resource Type" views |
| Device models               | High       | Device models are Production                          |                                                                                                            |
|                             |            |                                                       |                                                                                                            |
| Overall confidence level    | Medium     |                                                       |                                                                                                            |
+-----------------------------+------------+-------------------------------------------------------+------------------------------------------------------------------------------------------------------------+


2. Settings
-----------

2.1 Environment
---------------

+-----------------------+--------------------------+
| Ambient Temp (C)      | 25.0                     |
| ThetaJA (C/W)         | 4.9                      |
| Airflow (LFM)         | 250                      |
| Heat Sink             | medium (Medium Profile)  |
| ThetaSA (C/W)         | 4.6                      |
| Board Selection       | medium (10"x10")         |
| # of Board Layers     | 12to15 (12 to 15 Layers) |
| Board Temperature (C) | 25.0                     |
+-----------------------+--------------------------+


2.2 Clock Constraints
---------------------

+--------------------------------------------------------------------------------------------+----------------------------------------------------------------------+-----------------+
| Clock                                                                                      | Domain                                                               | Constraint (ns) |
+--------------------------------------------------------------------------------------------+----------------------------------------------------------------------+-----------------+
| clk                                                                                        | clk                                                                  |            10.0 |
| clk_out2_clk_wiz_0                                                                         | PLL/inst/clk_out2_clk_wiz_0                                          |             5.0 |
| clk_out2_clk_wiz_0_1                                                                       | PLL/inst/clk_out2_clk_wiz_0                                          |             5.0 |
| clk_out3_clk_wiz_0                                                                         | PLL/inst/clk_out3_clk_wiz_0                                          |           100.0 |
| clk_out3_clk_wiz_0_1                                                                       | PLL/inst/clk_out3_clk_wiz_0                                          |           100.0 |
| clkfbout_clk_wiz_0                                                                         | PLL/inst/clkfbout_clk_wiz_0                                          |            10.0 |
| clkfbout_clk_wiz_0_1                                                                       | PLL/inst/clkfbout_clk_wiz_0                                          |            10.0 |
| dbg_hub/inst/BSCANID.u_xsdbm_id/SWITCH_N_EXT_BSCAN.bscan_inst/SERIES7_BSCAN.bscan_inst/TCK | dbg_hub/inst/BSCANID.u_xsdbm_id/SWITCH_N_EXT_BSCAN.bscan_inst/tck_bs |            33.0 |
| sys_clk_pin                                                                                | clk                                                                  |            10.0 |
+--------------------------------------------------------------------------------------------+----------------------------------------------------------------------+-----------------+


3. Detailed Reports
-------------------

3.1 By Hierarchy
----------------

+--------------------------+-----------+
| Name                     | Power (W) |
+--------------------------+-----------+
| FIR_TopLevel             |     0.405 |
|   DDS_Sweep              |     0.006 |
|     DDS_Sweep            |     0.004 |
|       U0                 |     0.004 |
|   FIR_IPcore             |     0.258 |
|     U0                   |     0.258 |
|       i_synth            |     0.258 |
|   ILa                    |     0.028 |
|     U0                   |     0.028 |
|       ila_core_inst      |     0.028 |
|   PLL                    |     0.104 |
|     inst                 |     0.104 |
|   dbg_hub                |     0.005 |
|     inst                 |     0.005 |
|       BSCANID.u_xsdbm_id |     0.005 |
+--------------------------+-----------+


