
*** Running vivado
    with args -log FIR_TopLevel.vdi -applog -m64 -product Vivado -messageDb vivado.pb -mode batch -source FIR_TopLevel.tcl -notrace


****** Vivado v2018.3 (64-bit)
  **** SW Build 2405991 on Thu Dec  6 23:38:27 MST 2018
  **** IP Build 2404404 on Fri Dec  7 01:43:56 MST 2018
    ** Copyright 1986-2018 Xilinx, Inc. All Rights Reserved.

source FIR_TopLevel.tcl -notrace
Command: link_design -top FIR_TopLevel -part xc7s50csga324-2
Design is defaulting to srcset: sources_1
Design is defaulting to constrset: constrs_1
INFO: [Project 1-454] Reading design checkpoint 'c:/Users/fmabrouk/Documents/YT/FIR_25KHz_DAC/FIR_25kHz/FIR_25K/FIR_25K.srcs/sources_1/ip/fir_25KHz/fir_25KHz.dcp' for cell 'FIR_IPcore'
INFO: [Project 1-454] Reading design checkpoint 'c:/Users/fmabrouk/Documents/faridFMfolder/MyFIR/ila_0_3/ila_0.dcp' for cell 'ILa'
INFO: [Project 1-454] Reading design checkpoint 'c:/Users/fmabrouk/Documents/faridFMfolder/MyFIR/clk_wiz_0_6/clk_wiz_0.dcp' for cell 'PLL'
INFO: [Project 1-454] Reading design checkpoint 'c:/Users/fmabrouk/Documents/faridFMfolder/MyFIR/dds_compiler_0_9/dds_compiler_0.dcp' for cell 'DDS_Sweep/DDS_Sweep'
INFO: [Netlist 29-17] Analyzing 286 Unisim elements for replacement
INFO: [Netlist 29-28] Unisim Transformation completed in 0 CPU seconds
INFO: [Project 1-479] Netlist was created with Vivado 2018.3
INFO: [Device 21-403] Loading part xc7s50csga324-2
INFO: [Project 1-570] Preparing netlist for logic optimization
INFO: [Chipscope 16-324] Core: ILa UUID: e1ee1318-c2ea-5a86-b217-1b32e16538f0 
Parsing XDC File [c:/Users/fmabrouk/Documents/YT/FIR_25KHz_DAC/FIR_25kHz/FIR_25K/FIR_25K.srcs/sources_1/ip/fir_25KHz/constraints/fir_compiler_v7_2.xdc] for cell 'FIR_IPcore/U0'
Finished Parsing XDC File [c:/Users/fmabrouk/Documents/YT/FIR_25KHz_DAC/FIR_25kHz/FIR_25K/FIR_25K.srcs/sources_1/ip/fir_25KHz/constraints/fir_compiler_v7_2.xdc] for cell 'FIR_IPcore/U0'
Parsing XDC File [c:/Users/fmabrouk/Documents/faridFMfolder/MyFIR/clk_wiz_0_6/clk_wiz_0_board.xdc] for cell 'PLL/inst'
Finished Parsing XDC File [c:/Users/fmabrouk/Documents/faridFMfolder/MyFIR/clk_wiz_0_6/clk_wiz_0_board.xdc] for cell 'PLL/inst'
Parsing XDC File [c:/Users/fmabrouk/Documents/faridFMfolder/MyFIR/clk_wiz_0_6/clk_wiz_0.xdc] for cell 'PLL/inst'
INFO: [Timing 38-35] Done setting XDC timing constraints. [c:/Users/fmabrouk/Documents/faridFMfolder/MyFIR/clk_wiz_0_6/clk_wiz_0.xdc:57]
INFO: [Timing 38-2] Deriving generated clocks [c:/Users/fmabrouk/Documents/faridFMfolder/MyFIR/clk_wiz_0_6/clk_wiz_0.xdc:57]
get_clocks: Time (s): cpu = 00:00:17 ; elapsed = 00:00:20 . Memory (MB): peak = 1203.266 ; gain = 478.891
Finished Parsing XDC File [c:/Users/fmabrouk/Documents/faridFMfolder/MyFIR/clk_wiz_0_6/clk_wiz_0.xdc] for cell 'PLL/inst'
Parsing XDC File [c:/Users/fmabrouk/Documents/faridFMfolder/MyFIR/ila_0_3/ila_v6_2/constraints/ila_impl.xdc] for cell 'ILa/U0'
Finished Parsing XDC File [c:/Users/fmabrouk/Documents/faridFMfolder/MyFIR/ila_0_3/ila_v6_2/constraints/ila_impl.xdc] for cell 'ILa/U0'
Parsing XDC File [c:/Users/fmabrouk/Documents/faridFMfolder/MyFIR/ila_0_3/ila_v6_2/constraints/ila.xdc] for cell 'ILa/U0'
Finished Parsing XDC File [c:/Users/fmabrouk/Documents/faridFMfolder/MyFIR/ila_0_3/ila_v6_2/constraints/ila.xdc] for cell 'ILa/U0'
Parsing XDC File [C:/Users/fmabrouk/Documents/YT/FIR_25KHz_DAC/FIR_25kHz/FIR_25K/FIR_25K.srcs/constrs_1/imports/VHDL/ArtyS7.xdc]
INFO: [Timing 38-2] Deriving generated clocks [C:/Users/fmabrouk/Documents/YT/FIR_25KHz_DAC/FIR_25kHz/FIR_25K/FIR_25K.srcs/constrs_1/imports/VHDL/ArtyS7.xdc:12]
WARNING: [Vivado 12-627] No clocks matched 'clk_out5*'. [C:/Users/fmabrouk/Documents/YT/FIR_25KHz_DAC/FIR_25kHz/FIR_25K/FIR_25K.srcs/constrs_1/imports/VHDL/ArtyS7.xdc:12]
INFO: [Vivado 12-626] No clocks found. Please use 'create_clock' or 'create_generated_clock' command to create clocks. [C:/Users/fmabrouk/Documents/YT/FIR_25KHz_DAC/FIR_25kHz/FIR_25K/FIR_25K.srcs/constrs_1/imports/VHDL/ArtyS7.xdc:12]
CRITICAL WARNING: [Vivado 12-4739] set_false_path:No valid object(s) found for '-to [get_clocks clk_out5*]'. [C:/Users/fmabrouk/Documents/YT/FIR_25KHz_DAC/FIR_25kHz/FIR_25K/FIR_25K.srcs/constrs_1/imports/VHDL/ArtyS7.xdc:12]
Resolution: Check if the specified object(s) exists in the current design. If it does, ensure that the correct design hierarchy was specified for the object. If you are working with clocks, make sure create_clock was used to create the clock object before it is referenced.
WARNING: [Vivado 12-627] No clocks matched 'clk_out5*'. [C:/Users/fmabrouk/Documents/YT/FIR_25KHz_DAC/FIR_25kHz/FIR_25K/FIR_25K.srcs/constrs_1/imports/VHDL/ArtyS7.xdc:13]
INFO: [Vivado 12-626] No clocks found. Please use 'create_clock' or 'create_generated_clock' command to create clocks. [C:/Users/fmabrouk/Documents/YT/FIR_25KHz_DAC/FIR_25kHz/FIR_25K/FIR_25K.srcs/constrs_1/imports/VHDL/ArtyS7.xdc:13]
CRITICAL WARNING: [Vivado 12-4739] set_false_path:No valid object(s) found for '-from [get_clocks clk_out5*]'. [C:/Users/fmabrouk/Documents/YT/FIR_25KHz_DAC/FIR_25kHz/FIR_25K/FIR_25K.srcs/constrs_1/imports/VHDL/ArtyS7.xdc:13]
Resolution: Check if the specified object(s) exists in the current design. If it does, ensure that the correct design hierarchy was specified for the object. If you are working with clocks, make sure create_clock was used to create the clock object before it is referenced.
WARNING: [Vivado 12-508] No pins matched '*FM_audio_sync1_reg[*]/D'. [C:/Users/fmabrouk/Documents/YT/FIR_25KHz_DAC/FIR_25kHz/FIR_25K/FIR_25K.srcs/constrs_1/imports/VHDL/ArtyS7.xdc:15]
CRITICAL WARNING: [Vivado 12-4739] set_false_path:No valid object(s) found for '-to [get_pins {*FM_audio_sync1_reg[*]/D}]'. [C:/Users/fmabrouk/Documents/YT/FIR_25KHz_DAC/FIR_25kHz/FIR_25K/FIR_25K.srcs/constrs_1/imports/VHDL/ArtyS7.xdc:15]
Resolution: Check if the specified object(s) exists in the current design. If it does, ensure that the correct design hierarchy was specified for the object. If you are working with clocks, make sure create_clock was used to create the clock object before it is referenced.
WARNING: [Vivado 12-584] No ports matched 'Dac_Out[11]'. [C:/Users/fmabrouk/Documents/YT/FIR_25KHz_DAC/FIR_25kHz/FIR_25K/FIR_25K.srcs/constrs_1/imports/VHDL/ArtyS7.xdc:282]
CRITICAL WARNING: [Common 17-55] 'set_property' expects at least one object. [C:/Users/fmabrouk/Documents/YT/FIR_25KHz_DAC/FIR_25kHz/FIR_25K/FIR_25K.srcs/constrs_1/imports/VHDL/ArtyS7.xdc:282]
Resolution: If [get_<value>] was used to populate the object, check to make sure this command returns at least one valid object.
WARNING: [Vivado 12-584] No ports matched 'Dac_Out[10]'. [C:/Users/fmabrouk/Documents/YT/FIR_25KHz_DAC/FIR_25kHz/FIR_25K/FIR_25K.srcs/constrs_1/imports/VHDL/ArtyS7.xdc:283]
CRITICAL WARNING: [Common 17-55] 'set_property' expects at least one object. [C:/Users/fmabrouk/Documents/YT/FIR_25KHz_DAC/FIR_25kHz/FIR_25K/FIR_25K.srcs/constrs_1/imports/VHDL/ArtyS7.xdc:283]
Resolution: If [get_<value>] was used to populate the object, check to make sure this command returns at least one valid object.
WARNING: [Vivado 12-584] No ports matched 'Dac_Out[9]'. [C:/Users/fmabrouk/Documents/YT/FIR_25KHz_DAC/FIR_25kHz/FIR_25K/FIR_25K.srcs/constrs_1/imports/VHDL/ArtyS7.xdc:284]
CRITICAL WARNING: [Common 17-55] 'set_property' expects at least one object. [C:/Users/fmabrouk/Documents/YT/FIR_25KHz_DAC/FIR_25kHz/FIR_25K/FIR_25K.srcs/constrs_1/imports/VHDL/ArtyS7.xdc:284]
Resolution: If [get_<value>] was used to populate the object, check to make sure this command returns at least one valid object.
WARNING: [Vivado 12-584] No ports matched 'Dac_Out[8]'. [C:/Users/fmabrouk/Documents/YT/FIR_25KHz_DAC/FIR_25kHz/FIR_25K/FIR_25K.srcs/constrs_1/imports/VHDL/ArtyS7.xdc:285]
CRITICAL WARNING: [Common 17-55] 'set_property' expects at least one object. [C:/Users/fmabrouk/Documents/YT/FIR_25KHz_DAC/FIR_25kHz/FIR_25K/FIR_25K.srcs/constrs_1/imports/VHDL/ArtyS7.xdc:285]
Resolution: If [get_<value>] was used to populate the object, check to make sure this command returns at least one valid object.
WARNING: [Vivado 12-584] No ports matched 'Dac_Out[7]'. [C:/Users/fmabrouk/Documents/YT/FIR_25KHz_DAC/FIR_25kHz/FIR_25K/FIR_25K.srcs/constrs_1/imports/VHDL/ArtyS7.xdc:286]
CRITICAL WARNING: [Common 17-55] 'set_property' expects at least one object. [C:/Users/fmabrouk/Documents/YT/FIR_25KHz_DAC/FIR_25kHz/FIR_25K/FIR_25K.srcs/constrs_1/imports/VHDL/ArtyS7.xdc:286]
Resolution: If [get_<value>] was used to populate the object, check to make sure this command returns at least one valid object.
WARNING: [Vivado 12-584] No ports matched 'Dac_Out[6]'. [C:/Users/fmabrouk/Documents/YT/FIR_25KHz_DAC/FIR_25kHz/FIR_25K/FIR_25K.srcs/constrs_1/imports/VHDL/ArtyS7.xdc:287]
CRITICAL WARNING: [Common 17-55] 'set_property' expects at least one object. [C:/Users/fmabrouk/Documents/YT/FIR_25KHz_DAC/FIR_25kHz/FIR_25K/FIR_25K.srcs/constrs_1/imports/VHDL/ArtyS7.xdc:287]
Resolution: If [get_<value>] was used to populate the object, check to make sure this command returns at least one valid object.
WARNING: [Vivado 12-584] No ports matched 'Dac_Out[5]'. [C:/Users/fmabrouk/Documents/YT/FIR_25KHz_DAC/FIR_25kHz/FIR_25K/FIR_25K.srcs/constrs_1/imports/VHDL/ArtyS7.xdc:288]
CRITICAL WARNING: [Common 17-55] 'set_property' expects at least one object. [C:/Users/fmabrouk/Documents/YT/FIR_25KHz_DAC/FIR_25kHz/FIR_25K/FIR_25K.srcs/constrs_1/imports/VHDL/ArtyS7.xdc:288]
Resolution: If [get_<value>] was used to populate the object, check to make sure this command returns at least one valid object.
WARNING: [Vivado 12-584] No ports matched 'Dac_Out[4]'. [C:/Users/fmabrouk/Documents/YT/FIR_25KHz_DAC/FIR_25kHz/FIR_25K/FIR_25K.srcs/constrs_1/imports/VHDL/ArtyS7.xdc:289]
CRITICAL WARNING: [Common 17-55] 'set_property' expects at least one object. [C:/Users/fmabrouk/Documents/YT/FIR_25KHz_DAC/FIR_25kHz/FIR_25K/FIR_25K.srcs/constrs_1/imports/VHDL/ArtyS7.xdc:289]
Resolution: If [get_<value>] was used to populate the object, check to make sure this command returns at least one valid object.
WARNING: [Vivado 12-584] No ports matched 'Dac_Out[3]'. [C:/Users/fmabrouk/Documents/YT/FIR_25KHz_DAC/FIR_25kHz/FIR_25K/FIR_25K.srcs/constrs_1/imports/VHDL/ArtyS7.xdc:290]
CRITICAL WARNING: [Common 17-55] 'set_property' expects at least one object. [C:/Users/fmabrouk/Documents/YT/FIR_25KHz_DAC/FIR_25kHz/FIR_25K/FIR_25K.srcs/constrs_1/imports/VHDL/ArtyS7.xdc:290]
Resolution: If [get_<value>] was used to populate the object, check to make sure this command returns at least one valid object.
WARNING: [Vivado 12-584] No ports matched 'Dac_Out[2]'. [C:/Users/fmabrouk/Documents/YT/FIR_25KHz_DAC/FIR_25kHz/FIR_25K/FIR_25K.srcs/constrs_1/imports/VHDL/ArtyS7.xdc:291]
CRITICAL WARNING: [Common 17-55] 'set_property' expects at least one object. [C:/Users/fmabrouk/Documents/YT/FIR_25KHz_DAC/FIR_25kHz/FIR_25K/FIR_25K.srcs/constrs_1/imports/VHDL/ArtyS7.xdc:291]
Resolution: If [get_<value>] was used to populate the object, check to make sure this command returns at least one valid object.
WARNING: [Vivado 12-584] No ports matched 'Dac_Out[1]'. [C:/Users/fmabrouk/Documents/YT/FIR_25KHz_DAC/FIR_25kHz/FIR_25K/FIR_25K.srcs/constrs_1/imports/VHDL/ArtyS7.xdc:292]
CRITICAL WARNING: [Common 17-55] 'set_property' expects at least one object. [C:/Users/fmabrouk/Documents/YT/FIR_25KHz_DAC/FIR_25kHz/FIR_25K/FIR_25K.srcs/constrs_1/imports/VHDL/ArtyS7.xdc:292]
Resolution: If [get_<value>] was used to populate the object, check to make sure this command returns at least one valid object.
WARNING: [Vivado 12-584] No ports matched 'Dac_Out[0]'. [C:/Users/fmabrouk/Documents/YT/FIR_25KHz_DAC/FIR_25kHz/FIR_25K/FIR_25K.srcs/constrs_1/imports/VHDL/ArtyS7.xdc:293]
CRITICAL WARNING: [Common 17-55] 'set_property' expects at least one object. [C:/Users/fmabrouk/Documents/YT/FIR_25KHz_DAC/FIR_25kHz/FIR_25K/FIR_25K.srcs/constrs_1/imports/VHDL/ArtyS7.xdc:293]
Resolution: If [get_<value>] was used to populate the object, check to make sure this command returns at least one valid object.
WARNING: [Vivado 12-584] No ports matched 'Dac_Out[0]'. [C:/Users/fmabrouk/Documents/YT/FIR_25KHz_DAC/FIR_25kHz/FIR_25K/FIR_25K.srcs/constrs_1/imports/VHDL/ArtyS7.xdc:295]
CRITICAL WARNING: [Common 17-55] 'set_property' expects at least one object. [C:/Users/fmabrouk/Documents/YT/FIR_25KHz_DAC/FIR_25kHz/FIR_25K/FIR_25K.srcs/constrs_1/imports/VHDL/ArtyS7.xdc:295]
Resolution: If [get_<value>] was used to populate the object, check to make sure this command returns at least one valid object.
WARNING: [Vivado 12-584] No ports matched 'Dac_Out[1]'. [C:/Users/fmabrouk/Documents/YT/FIR_25KHz_DAC/FIR_25kHz/FIR_25K/FIR_25K.srcs/constrs_1/imports/VHDL/ArtyS7.xdc:296]
CRITICAL WARNING: [Common 17-55] 'set_property' expects at least one object. [C:/Users/fmabrouk/Documents/YT/FIR_25KHz_DAC/FIR_25kHz/FIR_25K/FIR_25K.srcs/constrs_1/imports/VHDL/ArtyS7.xdc:296]
Resolution: If [get_<value>] was used to populate the object, check to make sure this command returns at least one valid object.
WARNING: [Vivado 12-584] No ports matched 'Dac_Out[2]'. [C:/Users/fmabrouk/Documents/YT/FIR_25KHz_DAC/FIR_25kHz/FIR_25K/FIR_25K.srcs/constrs_1/imports/VHDL/ArtyS7.xdc:297]
CRITICAL WARNING: [Common 17-55] 'set_property' expects at least one object. [C:/Users/fmabrouk/Documents/YT/FIR_25KHz_DAC/FIR_25kHz/FIR_25K/FIR_25K.srcs/constrs_1/imports/VHDL/ArtyS7.xdc:297]
Resolution: If [get_<value>] was used to populate the object, check to make sure this command returns at least one valid object.
WARNING: [Vivado 12-584] No ports matched 'Dac_Out[3]'. [C:/Users/fmabrouk/Documents/YT/FIR_25KHz_DAC/FIR_25kHz/FIR_25K/FIR_25K.srcs/constrs_1/imports/VHDL/ArtyS7.xdc:298]
CRITICAL WARNING: [Common 17-55] 'set_property' expects at least one object. [C:/Users/fmabrouk/Documents/YT/FIR_25KHz_DAC/FIR_25kHz/FIR_25K/FIR_25K.srcs/constrs_1/imports/VHDL/ArtyS7.xdc:298]
Resolution: If [get_<value>] was used to populate the object, check to make sure this command returns at least one valid object.
WARNING: [Vivado 12-584] No ports matched 'Dac_Out[4]'. [C:/Users/fmabrouk/Documents/YT/FIR_25KHz_DAC/FIR_25kHz/FIR_25K/FIR_25K.srcs/constrs_1/imports/VHDL/ArtyS7.xdc:299]
CRITICAL WARNING: [Common 17-55] 'set_property' expects at least one object. [C:/Users/fmabrouk/Documents/YT/FIR_25KHz_DAC/FIR_25kHz/FIR_25K/FIR_25K.srcs/constrs_1/imports/VHDL/ArtyS7.xdc:299]
Resolution: If [get_<value>] was used to populate the object, check to make sure this command returns at least one valid object.
WARNING: [Vivado 12-584] No ports matched 'Dac_Out[5]'. [C:/Users/fmabrouk/Documents/YT/FIR_25KHz_DAC/FIR_25kHz/FIR_25K/FIR_25K.srcs/constrs_1/imports/VHDL/ArtyS7.xdc:300]
CRITICAL WARNING: [Common 17-55] 'set_property' expects at least one object. [C:/Users/fmabrouk/Documents/YT/FIR_25KHz_DAC/FIR_25kHz/FIR_25K/FIR_25K.srcs/constrs_1/imports/VHDL/ArtyS7.xdc:300]
Resolution: If [get_<value>] was used to populate the object, check to make sure this command returns at least one valid object.
WARNING: [Vivado 12-584] No ports matched 'Dac_Out[6]'. [C:/Users/fmabrouk/Documents/YT/FIR_25KHz_DAC/FIR_25kHz/FIR_25K/FIR_25K.srcs/constrs_1/imports/VHDL/ArtyS7.xdc:301]
CRITICAL WARNING: [Common 17-55] 'set_property' expects at least one object. [C:/Users/fmabrouk/Documents/YT/FIR_25KHz_DAC/FIR_25kHz/FIR_25K/FIR_25K.srcs/constrs_1/imports/VHDL/ArtyS7.xdc:301]
Resolution: If [get_<value>] was used to populate the object, check to make sure this command returns at least one valid object.
WARNING: [Vivado 12-584] No ports matched 'Dac_Out[7]'. [C:/Users/fmabrouk/Documents/YT/FIR_25KHz_DAC/FIR_25kHz/FIR_25K/FIR_25K.srcs/constrs_1/imports/VHDL/ArtyS7.xdc:302]
CRITICAL WARNING: [Common 17-55] 'set_property' expects at least one object. [C:/Users/fmabrouk/Documents/YT/FIR_25KHz_DAC/FIR_25kHz/FIR_25K/FIR_25K.srcs/constrs_1/imports/VHDL/ArtyS7.xdc:302]
Resolution: If [get_<value>] was used to populate the object, check to make sure this command returns at least one valid object.
WARNING: [Vivado 12-584] No ports matched 'Dac_Out[8]'. [C:/Users/fmabrouk/Documents/YT/FIR_25KHz_DAC/FIR_25kHz/FIR_25K/FIR_25K.srcs/constrs_1/imports/VHDL/ArtyS7.xdc:303]
CRITICAL WARNING: [Common 17-55] 'set_property' expects at least one object. [C:/Users/fmabrouk/Documents/YT/FIR_25KHz_DAC/FIR_25kHz/FIR_25K/FIR_25K.srcs/constrs_1/imports/VHDL/ArtyS7.xdc:303]
Resolution: If [get_<value>] was used to populate the object, check to make sure this command returns at least one valid object.
WARNING: [Vivado 12-584] No ports matched 'Dac_Out[9]'. [C:/Users/fmabrouk/Documents/YT/FIR_25KHz_DAC/FIR_25kHz/FIR_25K/FIR_25K.srcs/constrs_1/imports/VHDL/ArtyS7.xdc:304]
CRITICAL WARNING: [Common 17-55] 'set_property' expects at least one object. [C:/Users/fmabrouk/Documents/YT/FIR_25KHz_DAC/FIR_25kHz/FIR_25K/FIR_25K.srcs/constrs_1/imports/VHDL/ArtyS7.xdc:304]
Resolution: If [get_<value>] was used to populate the object, check to make sure this command returns at least one valid object.
WARNING: [Vivado 12-584] No ports matched 'Dac_Out[10]'. [C:/Users/fmabrouk/Documents/YT/FIR_25KHz_DAC/FIR_25kHz/FIR_25K/FIR_25K.srcs/constrs_1/imports/VHDL/ArtyS7.xdc:305]
CRITICAL WARNING: [Common 17-55] 'set_property' expects at least one object. [C:/Users/fmabrouk/Documents/YT/FIR_25KHz_DAC/FIR_25kHz/FIR_25K/FIR_25K.srcs/constrs_1/imports/VHDL/ArtyS7.xdc:305]
Resolution: If [get_<value>] was used to populate the object, check to make sure this command returns at least one valid object.
WARNING: [Vivado 12-584] No ports matched 'Dac_Out[11]'. [C:/Users/fmabrouk/Documents/YT/FIR_25KHz_DAC/FIR_25kHz/FIR_25K/FIR_25K.srcs/constrs_1/imports/VHDL/ArtyS7.xdc:306]
CRITICAL WARNING: [Common 17-55] 'set_property' expects at least one object. [C:/Users/fmabrouk/Documents/YT/FIR_25KHz_DAC/FIR_25kHz/FIR_25K/FIR_25K.srcs/constrs_1/imports/VHDL/ArtyS7.xdc:306]
Resolution: If [get_<value>] was used to populate the object, check to make sure this command returns at least one valid object.
WARNING: [Vivado 12-584] No ports matched 'BCK'. [C:/Users/fmabrouk/Documents/YT/FIR_25KHz_DAC/FIR_25kHz/FIR_25K/FIR_25K.srcs/constrs_1/imports/VHDL/ArtyS7.xdc:308]
CRITICAL WARNING: [Common 17-55] 'set_property' expects at least one object. [C:/Users/fmabrouk/Documents/YT/FIR_25KHz_DAC/FIR_25kHz/FIR_25K/FIR_25K.srcs/constrs_1/imports/VHDL/ArtyS7.xdc:308]
Resolution: If [get_<value>] was used to populate the object, check to make sure this command returns at least one valid object.
WARNING: [Vivado 12-584] No ports matched 'Audio_out'. [C:/Users/fmabrouk/Documents/YT/FIR_25KHz_DAC/FIR_25kHz/FIR_25K/FIR_25K.srcs/constrs_1/imports/VHDL/ArtyS7.xdc:309]
CRITICAL WARNING: [Common 17-55] 'set_property' expects at least one object. [C:/Users/fmabrouk/Documents/YT/FIR_25KHz_DAC/FIR_25kHz/FIR_25K/FIR_25K.srcs/constrs_1/imports/VHDL/ArtyS7.xdc:309]
Resolution: If [get_<value>] was used to populate the object, check to make sure this command returns at least one valid object.
WARNING: [Vivado 12-584] No ports matched 'Wsel_pin'. [C:/Users/fmabrouk/Documents/YT/FIR_25KHz_DAC/FIR_25kHz/FIR_25K/FIR_25K.srcs/constrs_1/imports/VHDL/ArtyS7.xdc:310]
CRITICAL WARNING: [Common 17-55] 'set_property' expects at least one object. [C:/Users/fmabrouk/Documents/YT/FIR_25KHz_DAC/FIR_25kHz/FIR_25K/FIR_25K.srcs/constrs_1/imports/VHDL/ArtyS7.xdc:310]
Resolution: If [get_<value>] was used to populate the object, check to make sure this command returns at least one valid object.
WARNING: [Vivado 12-584] No ports matched 'BCK'. [C:/Users/fmabrouk/Documents/YT/FIR_25KHz_DAC/FIR_25kHz/FIR_25K/FIR_25K.srcs/constrs_1/imports/VHDL/ArtyS7.xdc:312]
CRITICAL WARNING: [Common 17-55] 'set_property' expects at least one object. [C:/Users/fmabrouk/Documents/YT/FIR_25KHz_DAC/FIR_25kHz/FIR_25K/FIR_25K.srcs/constrs_1/imports/VHDL/ArtyS7.xdc:312]
Resolution: If [get_<value>] was used to populate the object, check to make sure this command returns at least one valid object.
WARNING: [Vivado 12-584] No ports matched 'Audio_out'. [C:/Users/fmabrouk/Documents/YT/FIR_25KHz_DAC/FIR_25kHz/FIR_25K/FIR_25K.srcs/constrs_1/imports/VHDL/ArtyS7.xdc:313]
CRITICAL WARNING: [Common 17-55] 'set_property' expects at least one object. [C:/Users/fmabrouk/Documents/YT/FIR_25KHz_DAC/FIR_25kHz/FIR_25K/FIR_25K.srcs/constrs_1/imports/VHDL/ArtyS7.xdc:313]
Resolution: If [get_<value>] was used to populate the object, check to make sure this command returns at least one valid object.
WARNING: [Vivado 12-584] No ports matched 'Wsel_pin'. [C:/Users/fmabrouk/Documents/YT/FIR_25KHz_DAC/FIR_25kHz/FIR_25K/FIR_25K.srcs/constrs_1/imports/VHDL/ArtyS7.xdc:314]
CRITICAL WARNING: [Common 17-55] 'set_property' expects at least one object. [C:/Users/fmabrouk/Documents/YT/FIR_25KHz_DAC/FIR_25kHz/FIR_25K/FIR_25K.srcs/constrs_1/imports/VHDL/ArtyS7.xdc:314]
Resolution: If [get_<value>] was used to populate the object, check to make sure this command returns at least one valid object.
WARNING: [Vivado 12-584] No ports matched 'FreqSel[0]'. [C:/Users/fmabrouk/Documents/YT/FIR_25KHz_DAC/FIR_25kHz/FIR_25K/FIR_25K.srcs/constrs_1/imports/VHDL/ArtyS7.xdc:319]
CRITICAL WARNING: [Common 17-55] 'set_property' expects at least one object. [C:/Users/fmabrouk/Documents/YT/FIR_25KHz_DAC/FIR_25kHz/FIR_25K/FIR_25K.srcs/constrs_1/imports/VHDL/ArtyS7.xdc:319]
Resolution: If [get_<value>] was used to populate the object, check to make sure this command returns at least one valid object.
WARNING: [Vivado 12-584] No ports matched 'FreqSel[1]'. [C:/Users/fmabrouk/Documents/YT/FIR_25KHz_DAC/FIR_25kHz/FIR_25K/FIR_25K.srcs/constrs_1/imports/VHDL/ArtyS7.xdc:320]
CRITICAL WARNING: [Common 17-55] 'set_property' expects at least one object. [C:/Users/fmabrouk/Documents/YT/FIR_25KHz_DAC/FIR_25kHz/FIR_25K/FIR_25K.srcs/constrs_1/imports/VHDL/ArtyS7.xdc:320]
Resolution: If [get_<value>] was used to populate the object, check to make sure this command returns at least one valid object.
WARNING: [Vivado 12-584] No ports matched 'FreqSel[2]'. [C:/Users/fmabrouk/Documents/YT/FIR_25KHz_DAC/FIR_25kHz/FIR_25K/FIR_25K.srcs/constrs_1/imports/VHDL/ArtyS7.xdc:321]
CRITICAL WARNING: [Common 17-55] 'set_property' expects at least one object. [C:/Users/fmabrouk/Documents/YT/FIR_25KHz_DAC/FIR_25kHz/FIR_25K/FIR_25K.srcs/constrs_1/imports/VHDL/ArtyS7.xdc:321]
Resolution: If [get_<value>] was used to populate the object, check to make sure this command returns at least one valid object.
WARNING: [Vivado 12-584] No ports matched 'FreqSel[3]'. [C:/Users/fmabrouk/Documents/YT/FIR_25KHz_DAC/FIR_25kHz/FIR_25K/FIR_25K.srcs/constrs_1/imports/VHDL/ArtyS7.xdc:322]
CRITICAL WARNING: [Common 17-55] 'set_property' expects at least one object. [C:/Users/fmabrouk/Documents/YT/FIR_25KHz_DAC/FIR_25kHz/FIR_25K/FIR_25K.srcs/constrs_1/imports/VHDL/ArtyS7.xdc:322]
Resolution: If [get_<value>] was used to populate the object, check to make sure this command returns at least one valid object.
WARNING: [Vivado 12-584] No ports matched 'FreqSel[0]'. [C:/Users/fmabrouk/Documents/YT/FIR_25KHz_DAC/FIR_25kHz/FIR_25K/FIR_25K.srcs/constrs_1/imports/VHDL/ArtyS7.xdc:324]
CRITICAL WARNING: [Common 17-55] 'set_property' expects at least one object. [C:/Users/fmabrouk/Documents/YT/FIR_25KHz_DAC/FIR_25kHz/FIR_25K/FIR_25K.srcs/constrs_1/imports/VHDL/ArtyS7.xdc:324]
Resolution: If [get_<value>] was used to populate the object, check to make sure this command returns at least one valid object.
WARNING: [Vivado 12-584] No ports matched 'FreqSel[1]'. [C:/Users/fmabrouk/Documents/YT/FIR_25KHz_DAC/FIR_25kHz/FIR_25K/FIR_25K.srcs/constrs_1/imports/VHDL/ArtyS7.xdc:325]
CRITICAL WARNING: [Common 17-55] 'set_property' expects at least one object. [C:/Users/fmabrouk/Documents/YT/FIR_25KHz_DAC/FIR_25kHz/FIR_25K/FIR_25K.srcs/constrs_1/imports/VHDL/ArtyS7.xdc:325]
Resolution: If [get_<value>] was used to populate the object, check to make sure this command returns at least one valid object.
WARNING: [Vivado 12-584] No ports matched 'FreqSel[2]'. [C:/Users/fmabrouk/Documents/YT/FIR_25KHz_DAC/FIR_25kHz/FIR_25K/FIR_25K.srcs/constrs_1/imports/VHDL/ArtyS7.xdc:326]
CRITICAL WARNING: [Common 17-55] 'set_property' expects at least one object. [C:/Users/fmabrouk/Documents/YT/FIR_25KHz_DAC/FIR_25kHz/FIR_25K/FIR_25K.srcs/constrs_1/imports/VHDL/ArtyS7.xdc:326]
Resolution: If [get_<value>] was used to populate the object, check to make sure this command returns at least one valid object.
WARNING: [Vivado 12-584] No ports matched 'FreqSel[3]'. [C:/Users/fmabrouk/Documents/YT/FIR_25KHz_DAC/FIR_25kHz/FIR_25K/FIR_25K.srcs/constrs_1/imports/VHDL/ArtyS7.xdc:327]
CRITICAL WARNING: [Common 17-55] 'set_property' expects at least one object. [C:/Users/fmabrouk/Documents/YT/FIR_25KHz_DAC/FIR_25kHz/FIR_25K/FIR_25K.srcs/constrs_1/imports/VHDL/ArtyS7.xdc:327]
Resolution: If [get_<value>] was used to populate the object, check to make sure this command returns at least one valid object.
Finished Parsing XDC File [C:/Users/fmabrouk/Documents/YT/FIR_25KHz_DAC/FIR_25kHz/FIR_25K/FIR_25K.srcs/constrs_1/imports/VHDL/ArtyS7.xdc]
INFO: [Opt 31-138] Pushed 0 inverter(s) to 0 load pin(s).
Netlist sorting complete. Time (s): cpu = 00:00:01 ; elapsed = 00:00:00.006 . Memory (MB): peak = 1204.441 ; gain = 0.000
INFO: [Project 1-111] Unisim Transformation Summary:
  A total of 48 instances were transformed.
  CFGLUT5 => CFGLUT5 (SRLC32E, SRL16E): 48 instances

17 Infos, 41 Warnings, 41 Critical Warnings and 0 Errors encountered.
link_design completed successfully
link_design: Time (s): cpu = 00:00:29 ; elapsed = 00:00:34 . Memory (MB): peak = 1204.441 ; gain = 841.918
INFO: [Common 17-600] The following parameters have non-default value.
tcl.collectionResultDisplayLimit
Command: opt_design
Attempting to get a license for feature 'Implementation' and/or device 'xc7s50'
INFO: [Common 17-349] Got license for feature 'Implementation' and/or device 'xc7s50'
Running DRC as a precondition to command opt_design

Starting DRC Task
INFO: [DRC 23-27] Running DRC with 2 threads
INFO: [Project 1-461] DRC finished with 0 Errors
INFO: [Project 1-462] Please refer to the DRC report (report_drc) for more information.

Time (s): cpu = 00:00:01 ; elapsed = 00:00:00.834 . Memory (MB): peak = 1204.441 ; gain = 0.000

Starting Cache Timing Information Task
INFO: [Timing 38-35] Done setting XDC timing constraints.
Ending Cache Timing Information Task | Checksum: 1c9bfe03d

Time (s): cpu = 00:00:02 ; elapsed = 00:00:01 . Memory (MB): peak = 1213.426 ; gain = 8.984

Starting Logic Optimization Task

Phase 1 Generate And Synthesize Debug Cores
INFO: [Chipscope 16-329] Generating Script for core instance : dbg_hub 
INFO: [IP_Flow 19-3806] Processing IP xilinx.com:ip:xsdbm:3.0 for cell dbg_hub_CV.
INFO: [Chipscope 16-220] Re-using generated and synthesized IP, "xilinx.com:ip:xsdbm:3.0", from Vivado IP cache entry "714f53873c0b581b".
Netlist sorting complete. Time (s): cpu = 00:00:00 ; elapsed = 00:00:00.051 . Memory (MB): peak = 1323.078 ; gain = 0.000
Phase 1 Generate And Synthesize Debug Cores | Checksum: 18649be65

Time (s): cpu = 00:00:04 ; elapsed = 00:00:21 . Memory (MB): peak = 1323.078 ; gain = 16.332

Phase 2 Retarget
INFO: [Opt 31-138] Pushed 0 inverter(s) to 0 load pin(s).
INFO: [Opt 31-49] Retargeted 0 cell(s).
Phase 2 Retarget | Checksum: 20905c4f6

Time (s): cpu = 00:00:06 ; elapsed = 00:00:22 . Memory (MB): peak = 1323.078 ; gain = 16.332
INFO: [Opt 31-389] Phase Retarget created 277 cells and removed 287 cells
INFO: [Opt 31-1021] In phase Retarget, 202 netlist objects are constrained preventing optimization. Please run opt_design with -debug_log to get more detail. 

Phase 3 Constant propagation
INFO: [Opt 31-138] Pushed 0 inverter(s) to 0 load pin(s).
Phase 3 Constant propagation | Checksum: 18fae3805

Time (s): cpu = 00:00:06 ; elapsed = 00:00:22 . Memory (MB): peak = 1323.078 ; gain = 16.332
INFO: [Opt 31-389] Phase Constant propagation created 0 cells and removed 17 cells
INFO: [Opt 31-1021] In phase Constant propagation, 180 netlist objects are constrained preventing optimization. Please run opt_design with -debug_log to get more detail. 

Phase 4 Sweep
Phase 4 Sweep | Checksum: 1352e96d6

Time (s): cpu = 00:00:07 ; elapsed = 00:00:23 . Memory (MB): peak = 1323.078 ; gain = 16.332
INFO: [Opt 31-389] Phase Sweep created 0 cells and removed 98 cells
INFO: [Opt 31-1021] In phase Sweep, 899 netlist objects are constrained preventing optimization. Please run opt_design with -debug_log to get more detail. 

Phase 5 BUFG optimization
INFO: [Opt 31-194] Inserted BUFG PLL/inst/clk_out2_clk_wiz_0_BUFG_inst to drive 0 load(s) on clock net PLL/inst/clk_out2_clk_wiz_0_BUFG
INFO: [Opt 31-194] Inserted BUFG PLL/inst/clk_out3_clk_wiz_0_BUFG_inst to drive 0 load(s) on clock net PLL/inst/clk_out3_clk_wiz_0_BUFG
INFO: [Opt 31-193] Inserted 2 BUFG(s) on clock nets
Phase 5 BUFG optimization | Checksum: 165081f11

Time (s): cpu = 00:00:07 ; elapsed = 00:00:23 . Memory (MB): peak = 1323.078 ; gain = 16.332
INFO: [Opt 31-662] Phase BUFG optimization created 0 cells of which 0 are BUFGs and removed 0 cells.

Phase 6 Shift Register Optimization
Phase 6 Shift Register Optimization | Checksum: 1235448af

Time (s): cpu = 00:00:08 ; elapsed = 00:00:25 . Memory (MB): peak = 1323.078 ; gain = 16.332
INFO: [Opt 31-389] Phase Shift Register Optimization created 0 cells and removed 0 cells

Phase 7 Post Processing Netlist
Phase 7 Post Processing Netlist | Checksum: 1bfc05434

Time (s): cpu = 00:00:08 ; elapsed = 00:00:25 . Memory (MB): peak = 1323.078 ; gain = 16.332
INFO: [Opt 31-389] Phase Post Processing Netlist created 0 cells and removed 0 cells
INFO: [Opt 31-1021] In phase Post Processing Netlist, 63 netlist objects are constrained preventing optimization. Please run opt_design with -debug_log to get more detail. 
Opt_design Change Summary
=========================


-------------------------------------------------------------------------------------------------------------------------
|  Phase                        |  #Cells created  |  #Cells Removed  |  #Constrained objects preventing optimizations  |
-------------------------------------------------------------------------------------------------------------------------
|  Retarget                     |             277  |             287  |                                            202  |
|  Constant propagation         |               0  |              17  |                                            180  |
|  Sweep                        |               0  |              98  |                                            899  |
|  BUFG optimization            |               0  |               0  |                                              0  |
|  Shift Register Optimization  |               0  |               0  |                                              0  |
|  Post Processing Netlist      |               0  |               0  |                                             63  |
-------------------------------------------------------------------------------------------------------------------------



Starting Connectivity Check Task

Time (s): cpu = 00:00:01 ; elapsed = 00:00:00.018 . Memory (MB): peak = 1323.078 ; gain = 0.000
Ending Logic Optimization Task | Checksum: 1c0d0be55

Time (s): cpu = 00:00:09 ; elapsed = 00:00:25 . Memory (MB): peak = 1323.078 ; gain = 16.332

Starting Power Optimization Task
INFO: [Pwropt 34-132] Skipping clock gating for clocks with a period < 2.00 ns.
INFO: [Timing 38-35] Done setting XDC timing constraints.
INFO: [Pwropt 34-9] Applying IDT optimizations ...
INFO: [Pwropt 34-10] Applying ODC optimizations ...
INFO: [Physopt 32-619] Estimated Timing Summary | WNS=0.279 | TNS=0.000 |
Running Vector-less Activity Propagation...

Finished Running Vector-less Activity Propagation


Starting PowerOpt Patch Enables Task
INFO: [Pwropt 34-162] WRITE_MODE attribute of 0 BRAM(s) out of a total of 43 has been updated to save power. Run report_power_opt to get a complete listing of the BRAMs updated.
INFO: [Pwropt 34-201] Structural ODC has moved 0 WE to EN ports
Number of BRAM Ports augmented: 89 newly gated: 0 Total Ports: 86
Number of Flops added for Enable Generation: 1

Ending PowerOpt Patch Enables Task | Checksum: 1e06898aa

Time (s): cpu = 00:00:00 ; elapsed = 00:00:00.408 . Memory (MB): peak = 1592.523 ; gain = 0.000
Ending Power Optimization Task | Checksum: 1e06898aa

Time (s): cpu = 00:00:16 ; elapsed = 00:00:09 . Memory (MB): peak = 1592.523 ; gain = 269.445

Starting Final Cleanup Task

Starting Logic Optimization Task
INFO: [Timing 38-35] Done setting XDC timing constraints.
INFO: [Opt 31-194] Inserted BUFG PLL/inst/clk_out2_clk_wiz_0_BUFG_inst to drive 0 load(s) on clock net PLL/inst/clk_out2_clk_wiz_0_BUFG
INFO: [Opt 31-194] Inserted BUFG PLL/inst/clk_out3_clk_wiz_0_BUFG_inst to drive 0 load(s) on clock net PLL/inst/clk_out3_clk_wiz_0_BUFG
INFO: [Opt 31-193] Inserted 2 BUFG(s) on clock nets
Ending Logic Optimization Task | Checksum: 21ac6cc53

Time (s): cpu = 00:00:04 ; elapsed = 00:00:03 . Memory (MB): peak = 1592.523 ; gain = 0.000
Ending Final Cleanup Task | Checksum: 21ac6cc53

Time (s): cpu = 00:00:05 ; elapsed = 00:00:04 . Memory (MB): peak = 1592.523 ; gain = 0.000

Starting Netlist Obfuscation Task
Netlist sorting complete. Time (s): cpu = 00:00:00 ; elapsed = 00:00:00.007 . Memory (MB): peak = 1592.523 ; gain = 0.000
Ending Netlist Obfuscation Task | Checksum: 21ac6cc53

Time (s): cpu = 00:00:00 ; elapsed = 00:00:00.007 . Memory (MB): peak = 1592.523 ; gain = 0.000
INFO: [Common 17-83] Releasing license: Implementation
57 Infos, 41 Warnings, 41 Critical Warnings and 0 Errors encountered.
opt_design completed successfully
opt_design: Time (s): cpu = 00:00:35 ; elapsed = 00:00:41 . Memory (MB): peak = 1592.523 ; gain = 388.082
INFO: [Common 17-600] The following parameters have non-default value.
tcl.collectionResultDisplayLimit
Netlist sorting complete. Time (s): cpu = 00:00:00 ; elapsed = 00:00:00.006 . Memory (MB): peak = 1592.523 ; gain = 0.000
INFO: [Timing 38-480] Writing timing data to binary archive.
Writing placer database...
Writing XDEF routing.
Writing XDEF routing logical nets.
Writing XDEF routing special nets.
Write XDEF Complete: Time (s): cpu = 00:00:00 ; elapsed = 00:00:00.052 . Memory (MB): peak = 1592.523 ; gain = 0.000
Netlist sorting complete. Time (s): cpu = 00:00:00 ; elapsed = 00:00:00.007 . Memory (MB): peak = 1592.523 ; gain = 0.000
INFO: [Common 17-1381] The checkpoint 'C:/Users/fmabrouk/Documents/YT/FIR_25KHz_DAC/FIR_25kHz/FIR_25K/FIR_25K.runs/impl_1/FIR_TopLevel_opt.dcp' has been generated.
INFO: [runtcl-4] Executing : report_drc -file FIR_TopLevel_drc_opted.rpt -pb FIR_TopLevel_drc_opted.pb -rpx FIR_TopLevel_drc_opted.rpx
Command: report_drc -file FIR_TopLevel_drc_opted.rpt -pb FIR_TopLevel_drc_opted.pb -rpx FIR_TopLevel_drc_opted.rpx
INFO: [IP_Flow 19-1839] IP Catalog is up to date.
INFO: [DRC 23-27] Running DRC with 2 threads
INFO: [Coretcl 2-168] The results of DRC are in file C:/Users/fmabrouk/Documents/YT/FIR_25KHz_DAC/FIR_25kHz/FIR_25K/FIR_25K.runs/impl_1/FIR_TopLevel_drc_opted.rpt.
report_drc completed successfully
INFO: [Chipscope 16-240] Debug cores have already been implemented
Command: place_design
Attempting to get a license for feature 'Implementation' and/or device 'xc7s50'
INFO: [Common 17-349] Got license for feature 'Implementation' and/or device 'xc7s50'
INFO: [DRC 23-27] Running DRC with 2 threads
INFO: [Vivado_Tcl 4-198] DRC finished with 0 Errors
INFO: [Vivado_Tcl 4-199] Please refer to the DRC report (report_drc) for more information.
Running DRC as a precondition to command place_design
INFO: [DRC 23-27] Running DRC with 2 threads
INFO: [Vivado_Tcl 4-198] DRC finished with 0 Errors
INFO: [Vivado_Tcl 4-199] Please refer to the DRC report (report_drc) for more information.

Starting Placer Task
INFO: [Place 30-611] Multithreading enabled for place_design using a maximum of 2 CPUs

Phase 1 Placer Initialization

Phase 1.1 Placer Initialization Netlist Sorting
Netlist sorting complete. Time (s): cpu = 00:00:00 ; elapsed = 00:00:00.006 . Memory (MB): peak = 1592.523 ; gain = 0.000
Phase 1.1 Placer Initialization Netlist Sorting | Checksum: 163867e5a

Time (s): cpu = 00:00:00 ; elapsed = 00:00:00.023 . Memory (MB): peak = 1592.523 ; gain = 0.000
Netlist sorting complete. Time (s): cpu = 00:00:00 ; elapsed = 00:00:00.008 . Memory (MB): peak = 1592.523 ; gain = 0.000

Phase 1.2 IO Placement/ Clock Placement/ Build Placer Device
INFO: [Timing 38-35] Done setting XDC timing constraints.
Phase 1.2 IO Placement/ Clock Placement/ Build Placer Device | Checksum: 78d15fcf

Time (s): cpu = 00:00:06 ; elapsed = 00:00:08 . Memory (MB): peak = 1592.523 ; gain = 0.000

Phase 1.3 Build Placer Netlist Model
Phase 1.3 Build Placer Netlist Model | Checksum: 130ce035b

Time (s): cpu = 00:00:12 ; elapsed = 00:00:12 . Memory (MB): peak = 1592.523 ; gain = 0.000

Phase 1.4 Constrain Clocks/Macros
Phase 1.4 Constrain Clocks/Macros | Checksum: 130ce035b

Time (s): cpu = 00:00:12 ; elapsed = 00:00:12 . Memory (MB): peak = 1592.523 ; gain = 0.000
Phase 1 Placer Initialization | Checksum: 130ce035b

Time (s): cpu = 00:00:12 ; elapsed = 00:00:12 . Memory (MB): peak = 1592.523 ; gain = 0.000

Phase 2 Global Placement

Phase 2.1 Floorplanning
Phase 2.1 Floorplanning | Checksum: 8b6fba16

Time (s): cpu = 00:00:13 ; elapsed = 00:00:13 . Memory (MB): peak = 1592.523 ; gain = 0.000

Phase 2.2 Physical Synthesis In Placer
INFO: [Physopt 32-65] No nets found for high-fanout optimization.
INFO: [Physopt 32-232] Optimized 0 net. Created 0 new instance.
INFO: [Physopt 32-775] End 1 Pass. Optimized 0 net or cell. Created 0 new cell, deleted 0 existing cell and moved 0 existing cell
INFO: [Physopt 32-670] No setup violation found.  DSP Register Optimization was not performed.
INFO: [Physopt 32-670] No setup violation found.  Shift Register Optimization was not performed.
INFO: [Physopt 32-670] No setup violation found.  BRAM Register Optimization was not performed.
INFO: [Physopt 32-949] No candidate nets found for HD net replication
INFO: [Physopt 32-775] End 1 Pass. Optimized 0 net or cell. Created 0 new cell, deleted 0 existing cell and moved 0 existing cell
Netlist sorting complete. Time (s): cpu = 00:00:00 ; elapsed = 00:00:00.007 . Memory (MB): peak = 1592.523 ; gain = 0.000

Summary of Physical Synthesis Optimizations
============================================


----------------------------------------------------------------------------------------------------------------------------------------
|  Optimization                  |  Added Cells  |  Removed Cells  |  Optimized Cells/Nets  |  Dont Touch  |  Iterations  |  Elapsed   |
----------------------------------------------------------------------------------------------------------------------------------------
|  Very High Fanout              |            0  |              0  |                     0  |           0  |           1  |  00:00:00  |
|  DSP Register                  |            0  |              0  |                     0  |           0  |           0  |  00:00:00  |
|  Shift Register                |            0  |              0  |                     0  |           0  |           0  |  00:00:00  |
|  BRAM Register                 |            0  |              0  |                     0  |           0  |           0  |  00:00:00  |
|  HD Interface Net Replication  |            0  |              0  |                     0  |           0  |           1  |  00:00:00  |
|  Total                         |            0  |              0  |                     0  |           0  |           2  |  00:00:00  |
----------------------------------------------------------------------------------------------------------------------------------------


Phase 2.2 Physical Synthesis In Placer | Checksum: d41419d0

Time (s): cpu = 00:00:28 ; elapsed = 00:00:25 . Memory (MB): peak = 1592.523 ; gain = 0.000
Phase 2 Global Placement | Checksum: 121c39561

Time (s): cpu = 00:00:29 ; elapsed = 00:00:26 . Memory (MB): peak = 1592.523 ; gain = 0.000

Phase 3 Detail Placement

Phase 3.1 Commit Multi Column Macros
Phase 3.1 Commit Multi Column Macros | Checksum: 121c39561

Time (s): cpu = 00:00:29 ; elapsed = 00:00:26 . Memory (MB): peak = 1592.523 ; gain = 0.000

Phase 3.2 Commit Most Macros & LUTRAMs
Phase 3.2 Commit Most Macros & LUTRAMs | Checksum: e6419483

Time (s): cpu = 00:00:31 ; elapsed = 00:00:28 . Memory (MB): peak = 1592.523 ; gain = 0.000

Phase 3.3 Area Swap Optimization
Phase 3.3 Area Swap Optimization | Checksum: 7d8db7e6

Time (s): cpu = 00:00:32 ; elapsed = 00:00:28 . Memory (MB): peak = 1592.523 ; gain = 0.000

Phase 3.4 Pipeline Register Optimization
Phase 3.4 Pipeline Register Optimization | Checksum: 7729c4d4

Time (s): cpu = 00:00:32 ; elapsed = 00:00:28 . Memory (MB): peak = 1592.523 ; gain = 0.000

Phase 3.5 Fast Optimization
Phase 3.5 Fast Optimization | Checksum: c90d6114

Time (s): cpu = 00:00:33 ; elapsed = 00:00:29 . Memory (MB): peak = 1592.523 ; gain = 0.000

Phase 3.6 Small Shape Detail Placement
Phase 3.6 Small Shape Detail Placement | Checksum: f5ccffb1

Time (s): cpu = 00:00:35 ; elapsed = 00:00:31 . Memory (MB): peak = 1592.523 ; gain = 0.000

Phase 3.7 Re-assign LUT pins
Phase 3.7 Re-assign LUT pins | Checksum: 13943197d

Time (s): cpu = 00:00:36 ; elapsed = 00:00:31 . Memory (MB): peak = 1592.523 ; gain = 0.000

Phase 3.8 Pipeline Register Optimization
Phase 3.8 Pipeline Register Optimization | Checksum: 11fefc350

Time (s): cpu = 00:00:36 ; elapsed = 00:00:31 . Memory (MB): peak = 1592.523 ; gain = 0.000
Phase 3 Detail Placement | Checksum: 11fefc350

Time (s): cpu = 00:00:36 ; elapsed = 00:00:31 . Memory (MB): peak = 1592.523 ; gain = 0.000

Phase 4 Post Placement Optimization and Clean-Up

Phase 4.1 Post Commit Optimization
INFO: [Timing 38-35] Done setting XDC timing constraints.

Phase 4.1.1 Post Placement Optimization
Post Placement Optimization Initialization | Checksum: 21c5e53b5

Phase 4.1.1.1 BUFG Insertion
INFO: [Place 46-46] BUFG insertion identified 0 candidate nets, 0 success, 0 bufg driver replicated, 0 skipped for placement/routing, 0 skipped for timing, 0 skipped for netlist change reason
Phase 4.1.1.1 BUFG Insertion | Checksum: 21c5e53b5

Time (s): cpu = 00:00:40 ; elapsed = 00:00:34 . Memory (MB): peak = 1592.523 ; gain = 0.000
INFO: [Place 30-746] Post Placement Timing Summary WNS=0.553. For the most accurate timing information please run report_timing.
Phase 4.1.1 Post Placement Optimization | Checksum: 29c83c8d9

Time (s): cpu = 00:00:47 ; elapsed = 00:00:44 . Memory (MB): peak = 1592.523 ; gain = 0.000
Phase 4.1 Post Commit Optimization | Checksum: 29c83c8d9

Time (s): cpu = 00:00:47 ; elapsed = 00:00:44 . Memory (MB): peak = 1592.523 ; gain = 0.000

Phase 4.2 Post Placement Cleanup
Phase 4.2 Post Placement Cleanup | Checksum: 29c83c8d9

Time (s): cpu = 00:00:47 ; elapsed = 00:00:44 . Memory (MB): peak = 1592.523 ; gain = 0.000

Phase 4.3 Placer Reporting
Phase 4.3 Placer Reporting | Checksum: 29c83c8d9

Time (s): cpu = 00:00:48 ; elapsed = 00:00:44 . Memory (MB): peak = 1592.523 ; gain = 0.000

Phase 4.4 Final Placement Cleanup
Netlist sorting complete. Time (s): cpu = 00:00:00 ; elapsed = 00:00:00.007 . Memory (MB): peak = 1592.523 ; gain = 0.000
Phase 4.4 Final Placement Cleanup | Checksum: 1dc69780b

Time (s): cpu = 00:00:48 ; elapsed = 00:00:44 . Memory (MB): peak = 1592.523 ; gain = 0.000
Phase 4 Post Placement Optimization and Clean-Up | Checksum: 1dc69780b

Time (s): cpu = 00:00:48 ; elapsed = 00:00:44 . Memory (MB): peak = 1592.523 ; gain = 0.000
Ending Placer Task | Checksum: 11b13cb50

Time (s): cpu = 00:00:48 ; elapsed = 00:00:44 . Memory (MB): peak = 1592.523 ; gain = 0.000
INFO: [Common 17-83] Releasing license: Implementation
86 Infos, 41 Warnings, 41 Critical Warnings and 0 Errors encountered.
place_design completed successfully
place_design: Time (s): cpu = 00:00:49 ; elapsed = 00:00:46 . Memory (MB): peak = 1592.523 ; gain = 0.000
Netlist sorting complete. Time (s): cpu = 00:00:00 ; elapsed = 00:00:00.006 . Memory (MB): peak = 1592.523 ; gain = 0.000
INFO: [Timing 38-480] Writing timing data to binary archive.
Writing placer database...
Netlist sorting complete. Time (s): cpu = 00:00:00 ; elapsed = 00:00:00.011 . Memory (MB): peak = 1592.523 ; gain = 0.000
Writing XDEF routing.
Writing XDEF routing logical nets.
Writing XDEF routing special nets.
Write XDEF Complete: Time (s): cpu = 00:00:05 ; elapsed = 00:00:02 . Memory (MB): peak = 1592.523 ; gain = 0.000
INFO: [Common 17-1381] The checkpoint 'C:/Users/fmabrouk/Documents/YT/FIR_25KHz_DAC/FIR_25kHz/FIR_25K/FIR_25K.runs/impl_1/FIR_TopLevel_placed.dcp' has been generated.
INFO: [runtcl-4] Executing : report_io -file FIR_TopLevel_io_placed.rpt
report_io: Time (s): cpu = 00:00:00 ; elapsed = 00:00:00.049 . Memory (MB): peak = 1592.523 ; gain = 0.000
INFO: [runtcl-4] Executing : report_utilization -file FIR_TopLevel_utilization_placed.rpt -pb FIR_TopLevel_utilization_placed.pb
INFO: [runtcl-4] Executing : report_control_sets -verbose -file FIR_TopLevel_control_sets_placed.rpt
report_control_sets: Time (s): cpu = 00:00:00 ; elapsed = 00:00:00.038 . Memory (MB): peak = 1592.523 ; gain = 0.000
Command: route_design
Attempting to get a license for feature 'Implementation' and/or device 'xc7s50'
INFO: [Common 17-349] Got license for feature 'Implementation' and/or device 'xc7s50'
Running DRC as a precondition to command route_design
INFO: [DRC 23-27] Running DRC with 2 threads
INFO: [Vivado_Tcl 4-198] DRC finished with 0 Errors
INFO: [Vivado_Tcl 4-199] Please refer to the DRC report (report_drc) for more information.


Starting Routing Task
INFO: [Route 35-254] Multithreading enabled for route_design using a maximum of 2 CPUs
Checksum: PlaceDB: e5cc0ac3 ConstDB: 0 ShapeSum: 3547c08d RouteDB: 0

Phase 1 Build RT Design
Phase 1 Build RT Design | Checksum: 141de9b40

Time (s): cpu = 00:00:30 ; elapsed = 00:00:27 . Memory (MB): peak = 1592.523 ; gain = 0.000
Post Restoration Checksum: NetGraph: 9ba32da2 NumContArr: a63b6d9e Constraints: 0 Timing: 0

Phase 2 Router Initialization

Phase 2.1 Create Timer
Phase 2.1 Create Timer | Checksum: 141de9b40

Time (s): cpu = 00:00:31 ; elapsed = 00:00:27 . Memory (MB): peak = 1592.523 ; gain = 0.000

Phase 2.2 Fix Topology Constraints
Phase 2.2 Fix Topology Constraints | Checksum: 141de9b40

Time (s): cpu = 00:00:31 ; elapsed = 00:00:28 . Memory (MB): peak = 1592.523 ; gain = 0.000

Phase 2.3 Pre Route Cleanup
Phase 2.3 Pre Route Cleanup | Checksum: 141de9b40

Time (s): cpu = 00:00:31 ; elapsed = 00:00:28 . Memory (MB): peak = 1592.523 ; gain = 0.000
 Number of Nodes with overlaps = 0

Phase 2.4 Update Timing
Phase 2.4 Update Timing | Checksum: 13ed8a988

Time (s): cpu = 00:00:36 ; elapsed = 00:00:31 . Memory (MB): peak = 1592.523 ; gain = 0.000
INFO: [Route 35-416] Intermediate Timing Summary | WNS=0.598  | TNS=0.000  | WHS=-0.326 | THS=-1024.411|


Phase 2.5 Update Timing for Bus Skew

Phase 2.5.1 Update Timing
Phase 2.5.1 Update Timing | Checksum: 15476d953

Time (s): cpu = 00:00:39 ; elapsed = 00:00:33 . Memory (MB): peak = 1602.336 ; gain = 9.812
INFO: [Route 35-416] Intermediate Timing Summary | WNS=0.598  | TNS=0.000  | WHS=N/A    | THS=N/A    |

Phase 2.5 Update Timing for Bus Skew | Checksum: 1e8efc67a

Time (s): cpu = 00:00:39 ; elapsed = 00:00:33 . Memory (MB): peak = 1606.402 ; gain = 13.879
Phase 2 Router Initialization | Checksum: 1ce0fffda

Time (s): cpu = 00:00:39 ; elapsed = 00:00:33 . Memory (MB): peak = 1606.402 ; gain = 13.879

Phase 3 Initial Routing
Phase 3 Initial Routing | Checksum: 204868640

Time (s): cpu = 00:00:44 ; elapsed = 00:00:37 . Memory (MB): peak = 1618.336 ; gain = 25.812

Phase 4 Rip-up And Reroute

Phase 4.1 Global Iteration 0
 Number of Nodes with overlaps = 318
 Number of Nodes with overlaps = 60
 Number of Nodes with overlaps = 25
 Number of Nodes with overlaps = 13
 Number of Nodes with overlaps = 7
 Number of Nodes with overlaps = 6
 Number of Nodes with overlaps = 0
INFO: [Route 35-416] Intermediate Timing Summary | WNS=0.137  | TNS=0.000  | WHS=N/A    | THS=N/A    |

Phase 4.1 Global Iteration 0 | Checksum: 16e47f55c

Time (s): cpu = 00:00:53 ; elapsed = 00:00:43 . Memory (MB): peak = 1618.336 ; gain = 25.812
Phase 4 Rip-up And Reroute | Checksum: 16e47f55c

Time (s): cpu = 00:00:53 ; elapsed = 00:00:43 . Memory (MB): peak = 1618.336 ; gain = 25.812

Phase 5 Delay and Skew Optimization

Phase 5.1 Delay CleanUp
Phase 5.1 Delay CleanUp | Checksum: 16e47f55c

Time (s): cpu = 00:00:53 ; elapsed = 00:00:43 . Memory (MB): peak = 1618.336 ; gain = 25.812

Phase 5.2 Clock Skew Optimization
Phase 5.2 Clock Skew Optimization | Checksum: 16e47f55c

Time (s): cpu = 00:00:53 ; elapsed = 00:00:43 . Memory (MB): peak = 1618.336 ; gain = 25.812
Phase 5 Delay and Skew Optimization | Checksum: 16e47f55c

Time (s): cpu = 00:00:54 ; elapsed = 00:00:43 . Memory (MB): peak = 1618.336 ; gain = 25.812

Phase 6 Post Hold Fix

Phase 6.1 Hold Fix Iter

Phase 6.1.1 Update Timing
Phase 6.1.1 Update Timing | Checksum: bc8f27eb

Time (s): cpu = 00:00:55 ; elapsed = 00:00:44 . Memory (MB): peak = 1618.336 ; gain = 25.812
INFO: [Route 35-416] Intermediate Timing Summary | WNS=0.143  | TNS=0.000  | WHS=0.026  | THS=0.000  |

Phase 6.1 Hold Fix Iter | Checksum: c7d4c0a5

Time (s): cpu = 00:00:55 ; elapsed = 00:00:44 . Memory (MB): peak = 1618.336 ; gain = 25.812
Phase 6 Post Hold Fix | Checksum: c7d4c0a5

Time (s): cpu = 00:00:55 ; elapsed = 00:00:44 . Memory (MB): peak = 1618.336 ; gain = 25.812

Phase 7 Route finalize

Router Utilization Summary
  Global Vertical Routing Utilization    = 3.97074 %
  Global Horizontal Routing Utilization  = 3.46694 %
  Routable Net Status*
  *Does not include unroutable nets such as driverless and loadless.
  Run report_route_status for detailed report.
  Number of Failed Nets               = 0
  Number of Unrouted Nets             = 0
  Number of Partially Routed Nets     = 0
  Number of Node Overlaps             = 0

Phase 7 Route finalize | Checksum: 17b46caca

Time (s): cpu = 00:00:55 ; elapsed = 00:00:45 . Memory (MB): peak = 1618.336 ; gain = 25.812

Phase 8 Verifying routed nets

 Verification completed successfully
Phase 8 Verifying routed nets | Checksum: 17b46caca

Time (s): cpu = 00:00:56 ; elapsed = 00:00:45 . Memory (MB): peak = 1618.336 ; gain = 25.812

Phase 9 Depositing Routes
Phase 9 Depositing Routes | Checksum: 18768b528

Time (s): cpu = 00:00:56 ; elapsed = 00:00:45 . Memory (MB): peak = 1618.336 ; gain = 25.812

Phase 10 Post Router Timing
INFO: [Route 35-57] Estimated Timing Summary | WNS=0.143  | TNS=0.000  | WHS=0.026  | THS=0.000  |

INFO: [Route 35-327] The final timing numbers are based on the router estimated timing analysis. For a complete and accurate timing signoff, please run report_timing_summary.
Phase 10 Post Router Timing | Checksum: 18768b528

Time (s): cpu = 00:00:56 ; elapsed = 00:00:45 . Memory (MB): peak = 1618.336 ; gain = 25.812
INFO: [Route 35-16] Router Completed Successfully

Time (s): cpu = 00:00:56 ; elapsed = 00:00:45 . Memory (MB): peak = 1618.336 ; gain = 25.812

Routing Is Done.
INFO: [Common 17-83] Releasing license: Implementation
104 Infos, 41 Warnings, 41 Critical Warnings and 0 Errors encountered.
route_design completed successfully
route_design: Time (s): cpu = 00:00:58 ; elapsed = 00:00:47 . Memory (MB): peak = 1618.336 ; gain = 25.812
Netlist sorting complete. Time (s): cpu = 00:00:00 ; elapsed = 00:00:00.006 . Memory (MB): peak = 1618.336 ; gain = 0.000
INFO: [Timing 38-480] Writing timing data to binary archive.
Writing placer database...
Netlist sorting complete. Time (s): cpu = 00:00:00 ; elapsed = 00:00:00.012 . Memory (MB): peak = 1618.336 ; gain = 0.000
Writing XDEF routing.
Writing XDEF routing logical nets.
Writing XDEF routing special nets.
Write XDEF Complete: Time (s): cpu = 00:00:06 ; elapsed = 00:00:02 . Memory (MB): peak = 1618.336 ; gain = 0.000
INFO: [Common 17-1381] The checkpoint 'C:/Users/fmabrouk/Documents/YT/FIR_25KHz_DAC/FIR_25kHz/FIR_25K/FIR_25K.runs/impl_1/FIR_TopLevel_routed.dcp' has been generated.
write_checkpoint: Time (s): cpu = 00:00:08 ; elapsed = 00:00:06 . Memory (MB): peak = 1618.336 ; gain = 0.000
INFO: [runtcl-4] Executing : report_drc -file FIR_TopLevel_drc_routed.rpt -pb FIR_TopLevel_drc_routed.pb -rpx FIR_TopLevel_drc_routed.rpx
Command: report_drc -file FIR_TopLevel_drc_routed.rpt -pb FIR_TopLevel_drc_routed.pb -rpx FIR_TopLevel_drc_routed.rpx
INFO: [IP_Flow 19-1839] IP Catalog is up to date.
INFO: [DRC 23-27] Running DRC with 2 threads
INFO: [Coretcl 2-168] The results of DRC are in file C:/Users/fmabrouk/Documents/YT/FIR_25KHz_DAC/FIR_25kHz/FIR_25K/FIR_25K.runs/impl_1/FIR_TopLevel_drc_routed.rpt.
report_drc completed successfully
INFO: [runtcl-4] Executing : report_methodology -file FIR_TopLevel_methodology_drc_routed.rpt -pb FIR_TopLevel_methodology_drc_routed.pb -rpx FIR_TopLevel_methodology_drc_routed.rpx
Command: report_methodology -file FIR_TopLevel_methodology_drc_routed.rpt -pb FIR_TopLevel_methodology_drc_routed.pb -rpx FIR_TopLevel_methodology_drc_routed.rpx
INFO: [Timing 38-35] Done setting XDC timing constraints.
INFO: [DRC 23-133] Running Methodology with 2 threads
INFO: [Coretcl 2-1520] The results of Report Methodology are in file C:/Users/fmabrouk/Documents/YT/FIR_25KHz_DAC/FIR_25kHz/FIR_25K/FIR_25K.runs/impl_1/FIR_TopLevel_methodology_drc_routed.rpt.
report_methodology completed successfully
report_methodology: Time (s): cpu = 00:00:15 ; elapsed = 00:00:09 . Memory (MB): peak = 1779.211 ; gain = 160.875
INFO: [runtcl-4] Executing : report_power -file FIR_TopLevel_power_routed.rpt -pb FIR_TopLevel_power_summary_routed.pb -rpx FIR_TopLevel_power_routed.rpx
Command: report_power -file FIR_TopLevel_power_routed.rpt -pb FIR_TopLevel_power_summary_routed.pb -rpx FIR_TopLevel_power_routed.rpx
INFO: [Timing 38-35] Done setting XDC timing constraints.
Running Vector-less Activity Propagation...

Finished Running Vector-less Activity Propagation
116 Infos, 41 Warnings, 41 Critical Warnings and 0 Errors encountered.
report_power completed successfully
INFO: [runtcl-4] Executing : report_route_status -file FIR_TopLevel_route_status.rpt -pb FIR_TopLevel_route_status.pb
INFO: [runtcl-4] Executing : report_timing_summary -max_paths 10 -file FIR_TopLevel_timing_summary_routed.rpt -pb FIR_TopLevel_timing_summary_routed.pb -rpx FIR_TopLevel_timing_summary_routed.rpx -warn_on_violation 
INFO: [Timing 38-91] UpdateTimingParams: Speed grade: -2, Delay Type: min_max.
INFO: [Timing 38-191] Multithreading enabled for timing update using a maximum of 2 CPUs
WARNING: [Timing 38-436] There are set_bus_skew constraint(s) in this design. Please run report_bus_skew to ensure that bus skew requirements are met.
INFO: [runtcl-4] Executing : report_incremental_reuse -file FIR_TopLevel_incremental_reuse_routed.rpt
INFO: [Vivado_Tcl 4-1062] Incremental flow is disabled. No incremental reuse Info to report.
INFO: [runtcl-4] Executing : report_clock_utilization -file FIR_TopLevel_clock_utilization_routed.rpt
INFO: [runtcl-4] Executing : report_bus_skew -warn_on_violation -file FIR_TopLevel_bus_skew_routed.rpt -pb FIR_TopLevel_bus_skew_routed.pb -rpx FIR_TopLevel_bus_skew_routed.rpx
INFO: [Timing 38-91] UpdateTimingParams: Speed grade: -2, Delay Type: min_max.
INFO: [Timing 38-191] Multithreading enabled for timing update using a maximum of 2 CPUs
INFO: [Common 17-206] Exiting Vivado at Sat Jun 20 18:01:46 2026...

*** Running vivado
    with args -log FIR_TopLevel.vdi -applog -m64 -product Vivado -messageDb vivado.pb -mode batch -source FIR_TopLevel.tcl -notrace


****** Vivado v2018.3 (64-bit)
  **** SW Build 2405991 on Thu Dec  6 23:38:27 MST 2018
  **** IP Build 2404404 on Fri Dec  7 01:43:56 MST 2018
    ** Copyright 1986-2018 Xilinx, Inc. All Rights Reserved.

source FIR_TopLevel.tcl -notrace
Command: open_checkpoint FIR_TopLevel_routed.dcp

Starting open_checkpoint Task

Time (s): cpu = 00:00:00 ; elapsed = 00:00:00.206 . Memory (MB): peak = 250.344 ; gain = 0.000
INFO: [Netlist 29-17] Analyzing 304 Unisim elements for replacement
INFO: [Netlist 29-28] Unisim Transformation completed in 0 CPU seconds
INFO: [Project 1-479] Netlist was created with Vivado 2018.3
INFO: [Device 21-403] Loading part xc7s50csga324-2
INFO: [Project 1-570] Preparing netlist for logic optimization
INFO: [Constraints 18-4398] Generator version for shapeDB does not match. shapeDB will be regenerated.
INFO: [Timing 38-478] Restoring timing data from binary archive.
INFO: [Timing 38-479] Binary timing data restore complete.
INFO: [Project 1-856] Restoring constraints from binary archive.
INFO: [Project 1-853] Binary constraint restore complete.
Reading XDEF placement.
Reading placer database...
Reading XDEF routing.
Read XDEF File: Time (s): cpu = 00:00:03 ; elapsed = 00:00:04 . Memory (MB): peak = 1170.145 ; gain = 3.184
Restored from archive | CPU: 3.000000 secs | Memory: 0.000000 MB |
Finished XDEF File Restore: Time (s): cpu = 00:00:03 ; elapsed = 00:00:04 . Memory (MB): peak = 1170.145 ; gain = 3.184
Netlist sorting complete. Time (s): cpu = 00:00:00 ; elapsed = 00:00:00.044 . Memory (MB): peak = 1170.156 ; gain = 0.000
INFO: [Project 1-111] Unisim Transformation Summary:
  A total of 294 instances were transformed.
  CFGLUT5 => CFGLUT5 (SRLC32E, SRL16E): 48 instances
  RAM32M => RAM32M (RAMD32, RAMD32, RAMD32, RAMD32, RAMD32, RAMD32, RAMS32, RAMS32): 6 instances
  SRLC32E => SRL16E: 240 instances

INFO: [Project 1-604] Checkpoint was created with Vivado v2018.3 (64-bit) build 2405991
open_checkpoint: Time (s): cpu = 00:00:26 ; elapsed = 00:00:31 . Memory (MB): peak = 1170.215 ; gain = 919.871
Command: write_bitstream -force FIR_TopLevel.bit
Attempting to get a license for feature 'Implementation' and/or device 'xc7s50'
INFO: [Common 17-349] Got license for feature 'Implementation' and/or device 'xc7s50'
Running DRC as a precondition to command write_bitstream
INFO: [IP_Flow 19-234] Refreshing IP repositories
INFO: [IP_Flow 19-1704] No user IP repositories specified
INFO: [IP_Flow 19-2313] Loaded Vivado IP repository 'C:/Xilinx/Vivado/2018.3/data/ip'.
INFO: [DRC 23-27] Running DRC with 2 threads
WARNING: [DRC CFGBVS-1] Missing CFGBVS and CONFIG_VOLTAGE Design Properties: Neither the CFGBVS nor CONFIG_VOLTAGE voltage property is set in the current_design.  Configuration bank voltage select (CFGBVS) must be set to VCCO or GND, and CONFIG_VOLTAGE must be set to the correct configuration voltage, in order to determine the I/O voltage support for the pins in bank 0.  It is suggested to specify these either using the 'Edit Device Properties' function in the GUI or directly in the XDC file using the following syntax:

 set_property CFGBVS value1 [current_design]
 #where value1 is either VCCO or GND

 set_property CONFIG_VOLTAGE value2 [current_design]
 #where value2 is the voltage provided to configuration bank 0

Refer to the device configuration user guide for more information.
WARNING: [DRC RTSTAT-10] No routable loads: 25 net(s) have no routable loads. The problem bus(es) and/or net(s) are dbg_hub/inst/BSCANID.u_xsdbm_id/CORE_XSDB.UUT_MASTER/U_ICON_INTERFACE/U_CMD6_RD/U_RD_FIFO/SUBCORE_FIFO.xsdbm_v3_0_0_rdfifo_inst/inst_fifo_gen/gconvfifo.rf/grf.rf/gntv_or_sync_fifo.gl0.rd/gr1.gr1_int.rfwft/aempty_fwft_i, dbg_hub/inst/BSCANID.u_xsdbm_id/CORE_XSDB.UUT_MASTER/U_ICON_INTERFACE/U_CMD7_CTL/ctl_reg[2:0], dbg_hub/inst/BSCANID.u_xsdbm_id/CORE_XSDB.UUT_MASTER/U_ICON_INTERFACE/U_CMD1/ctl_reg_en_2[1], dbg_hub/inst/BSCANID.u_xsdbm_id/CORE_XSDB.UUT_MASTER/U_ICON_INTERFACE/U_CMD7_CTL/ctl_reg_en_2[1], dbg_hub/inst/BSCANID.u_xsdbm_id/SWITCH_N_EXT_BSCAN.bscan_switch/m_bscan_capture[0], dbg_hub/inst/BSCANID.u_xsdbm_id/SWITCH_N_EXT_BSCAN.bscan_switch/m_bscan_drck[0], dbg_hub/inst/BSCANID.u_xsdbm_id/SWITCH_N_EXT_BSCAN.bscan_switch/m_bscan_runtest[0], dbg_hub/inst/BSCANID.u_xsdbm_id/CORE_XSDB.UUT_MASTER/U_ICON_INTERFACE/U_CMD6_RD/U_RD_FIFO/SUBCORE_FIFO.xsdbm_v3_0_0_rdfifo_inst/inst_fifo_gen/gconvfifo.rf/grf.rf/gntv_or_sync_fifo.gl0.wr/gwhf.whf/overflow, dbg_hub/inst/BSCANID.u_xsdbm_id/CORE_XSDB.UUT_MASTER/U_ICON_INTERFACE/U_CMD6_WR/U_WR_FIFO/SUBCORE_FIFO.xsdbm_v3_0_0_wrfifo_inst/inst_fifo_gen/gconvfifo.rf/grf.rf/gntv_or_sync_fifo.gl0.wr/gwhf.whf/overflow, dbg_hub/inst/BSCANID.u_xsdbm_id/CORE_XSDB.UUT_MASTER/U_ICON_INTERFACE/U_CMD6_RD/U_RD_FIFO/SUBCORE_FIFO.xsdbm_v3_0_0_rdfifo_inst/inst_fifo_gen/gconvfifo.rf/grf.rf/gntv_or_sync_fifo.gl0.rd/gras.rsts/ram_empty_i, dbg_hub/inst/BSCANID.u_xsdbm_id/CORE_XSDB.UUT_MASTER/U_ICON_INTERFACE/U_CMD6_WR/U_WR_FIFO/SUBCORE_FIFO.xsdbm_v3_0_0_wrfifo_inst/inst_fifo_gen/gconvfifo.rf/grf.rf/gntv_or_sync_fifo.gl0.wr/gwas.wsts/ram_full_i, dbg_hub/inst/BSCANID.u_xsdbm_id/CORE_XSDB.UUT_MASTER/U_ICON_INTERFACE/U_CMD6_WR/U_WR_FIFO/SUBCORE_FIFO.xsdbm_v3_0_0_wrfifo_inst/inst_fifo_gen/gconvfifo.rf/grf.rf/rstblk/rd_rst_reg[0], dbg_hub/inst/BSCANID.u_xsdbm_id/SWITCH_N_EXT_BSCAN.bscan_inst/s_bscan_tms, ILa/U0/ila_core_inst/u_ila_regs/U_XSDB_SLAVE/s_daddr_o[13], ILa/U0/ila_core_inst/u_ila_regs/U_XSDB_SLAVE/s_daddr_o[14]... and (the first 15 of 23 listed).
INFO: [Vivado 12-3199] DRC finished with 0 Errors, 2 Warnings
INFO: [Vivado 12-3200] Please refer to the DRC report (report_drc) for more information.
INFO: [Designutils 20-2272] Running write_bitstream with 2 threads.
Loading data files...
Loading site data...
Loading route data...
Processing options...
Creating bitmap...
Creating bitstream...
Writing bitstream ./FIR_TopLevel.bit...
INFO: [Vivado 12-1842] Bitgen Completed Successfully.
INFO: [Project 1-118] WebTalk data collection is enabled (User setting is ON. Install Setting is ON.).
INFO: [Common 17-83] Releasing license: Implementation
23 Infos, 2 Warnings, 0 Critical Warnings and 0 Errors encountered.
write_bitstream completed successfully
write_bitstream: Time (s): cpu = 00:00:30 ; elapsed = 00:00:26 . Memory (MB): peak = 1666.766 ; gain = 496.551
INFO: [Common 17-206] Exiting Vivado at Sat Jun 20 18:04:57 2026...
